<?xml version='1.0' encoding='UTF-8'?>
<testsuite hostname="DESKTOP-ML9U0NH" name="org.argus.jawa.summary.wu.TaintWuTest" tests="10" errors="0" failures="8" skipped="0" time="5.595">
                     <properties>
[...]
</properties>
                     <testcase classname="org.argus.jawa.summary.wu.TaintWuTest" name="singleFunc:()V" time="1.595">
                                                 <failure message="&quot;Taint path:[
api_source: LTest;.source:()LTaintData;
	-&gt; api_sink: LTest;.sink:(Ljava/lang/Object;)V 1
Call@(TaintTest.singleFunc,L3)]
	-&gt; Call@(TaintTest...&quot; did not equal &quot;Taint path:[
api_source: LTest;.source:()LTaintData;
	-&gt; api_sink: LTest;.sink:(Ljava/lang/Object;)V 1
Call@(TaintTest.singleFunc,L3)]
	-&gt; Call@(TaintTest...&quot;" type="org.scalatest.exceptions.TestFailedException">org.scalatest.exceptions.TestFailedException: &quot;Taint path:[
api_source: LTest;.source:()LTaintData;
	-&gt; api_sink: LTest;.sink:(Ljava/lang/Object;)V 1
Call@(TaintTest.singleFunc,L3)]
	-&gt; Call@(TaintTest...&quot; did not equal &quot;Taint path:[
api_source: LTest;.source:()LTaintData;
	-&gt; api_sink: LTest;.sink:(Ljava/lang/Object;)V 1
Call@(TaintTest.singleFunc,L3)]
	-&gt; Call@(TaintTest...&quot;
	at org.scalatest.Assertions.newAssertionFailedException(Assertions.scala:528)
	at org.scalatest.Assertions.newAssertionFailedException$(Assertions.scala:527)
	at org.scalatest.FlatSpec.newAssertionFailedException(FlatSpec.scala:1685)
	at org.scalatest.Assertions$AssertionsHelper.macroAssert(Assertions.scala:501)
	at org.argus.jawa.summary.wu.TaintWuTest$TestFile.$anonfun$produce$1(TaintWuTest.scala:166)
	at org.scalatest.OutcomeOf.outcomeOf(OutcomeOf.scala:85)
	at org.scalatest.OutcomeOf.outcomeOf$(OutcomeOf.scala:83)
	at org.scalatest.OutcomeOf$.outcomeOf(OutcomeOf.scala:104)
	at org.scalatest.Transformer.apply(Transformer.scala:22)
	at org.scalatest.Transformer.apply(Transformer.scala:20)
	at org.scalatest.FlatSpecLike$$anon$1.apply(FlatSpecLike.scala:1682)
	at org.scalatest.TestSuite.withFixture(TestSuite.scala:196)
	at org.scalatest.TestSuite.withFixture$(TestSuite.scala:195)
	at org.scalatest.FlatSpec.withFixture(FlatSpec.scala:1685)
	at org.scalatest.FlatSpecLike.invokeWithFixture$1(FlatSpecLike.scala:1680)
	at org.scalatest.FlatSpecLike.$anonfun$runTest$1(FlatSpecLike.scala:1692)
	at org.scalatest.SuperEngine.runTestImpl(Engine.scala:289)
	at org.scalatest.FlatSpecLike.runTest(FlatSpecLike.scala:1692)
	at org.scalatest.FlatSpecLike.runTest$(FlatSpecLike.scala:1674)
	at org.scalatest.FlatSpec.runTest(FlatSpec.scala:1685)
	at org.scalatest.FlatSpecLike.$anonfun$runTests$1(FlatSpecLike.scala:1750)
	at org.scalatest.SuperEngine.$anonfun$runTestsInBranch$1(Engine.scala:396)
	at scala.collection.immutable.List.foreach(List.scala:389)
	at org.scalatest.SuperEngine.traverseSubNodes$1(Engine.scala:384)
	at org.scalatest.SuperEngine.runTestsInBranch(Engine.scala:373)
	at org.scalatest.SuperEngine.$anonfun$runTestsInBranch$1(Engine.scala:410)
	at scala.collection.immutable.List.foreach(List.scala:389)
	at org.scalatest.SuperEngine.traverseSubNodes$1(Engine.scala:384)
	at org.scalatest.SuperEngine.runTestsInBranch(Engine.scala:379)
	at org.scalatest.SuperEngine.runTestsImpl(Engine.scala:461)
	at org.scalatest.FlatSpecLike.runTests(FlatSpecLike.scala:1750)
	at org.scalatest.FlatSpecLike.runTests$(FlatSpecLike.scala:1749)
	at org.scalatest.FlatSpec.runTests(FlatSpec.scala:1685)
	at org.scalatest.Suite.run(Suite.scala:1147)
	at org.scalatest.Suite.run$(Suite.scala:1129)
	at org.scalatest.FlatSpec.org$scalatest$FlatSpecLike$$super$run(FlatSpec.scala:1685)
	at org.scalatest.FlatSpecLike.$anonfun$run$1(FlatSpecLike.scala:1795)
	at org.scalatest.SuperEngine.runImpl(Engine.scala:521)
	at org.scalatest.FlatSpecLike.run(FlatSpecLike.scala:1795)
	at org.scalatest.FlatSpecLike.run$(FlatSpecLike.scala:1793)
	at org.scalatest.FlatSpec.run(FlatSpec.scala:1685)
	at org.scalatest.tools.Framework.org$scalatest$tools$Framework$$runSuite(Framework.scala:314)
	at org.scalatest.tools.Framework$ScalaTestTask.execute(Framework.scala:507)
	at sbt.TestRunner.runTest$1(TestFramework.scala:106)
	at sbt.TestRunner.run(TestFramework.scala:117)
	at sbt.TestFramework$$anon$2$$anonfun$$lessinit$greater$1.$anonfun$apply$1(TestFramework.scala:262)
	at sbt.TestFramework$.sbt$TestFramework$$withContextLoader(TestFramework.scala:233)
	at sbt.TestFramework$$anon$2$$anonfun$$lessinit$greater$1.apply(TestFramework.scala:262)
	at sbt.TestFramework$$anon$2$$anonfun$$lessinit$greater$1.apply(TestFramework.scala:262)
	at sbt.TestFunction.apply(TestFramework.scala:271)
	at sbt.Tests$.$anonfun$toTask$1(Tests.scala:281)
	at sbt.std.Transform$$anon$3.$anonfun$apply$2(System.scala:46)
	at sbt.std.Transform$$anon$4.work(System.scala:66)
	at sbt.Execute.$anonfun$submit$2(Execute.scala:262)
	at sbt.internal.util.ErrorHandling$.wideConvert(ErrorHandling.scala:16)
	at sbt.Execute.work(Execute.scala:271)
	at sbt.Execute.$anonfun$submit$1(Execute.scala:262)
	at sbt.ConcurrentRestrictions$$anon$4.$anonfun$submitValid$1(ConcurrentRestrictions.scala:174)
	at sbt.CompletionService$$anon$2.call(CompletionService.scala:36)
	at java.util.concurrent.FutureTask.run(Unknown Source)
	at java.util.concurrent.Executors$RunnableAdapter.call(Unknown Source)
	at java.util.concurrent.FutureTask.run(Unknown Source)
	at java.util.concurrent.ThreadPoolExecutor.runWorker(Unknown Source)
	at java.util.concurrent.ThreadPoolExecutor$Worker.run(Unknown Source)
	at java.lang.Thread.run(Unknown Source)
</failure>
                                               </testcase><testcase classname="org.argus.jawa.summary.wu.TaintWuTest" name="singleFunc2:()V" time="0.563">
                                                 
                                               </testcase><testcase classname="org.argus.jawa.summary.wu.TaintWuTest" name="caller:()V" time="0.229">
                                                 <failure message="&quot;Taint path:[
api_source: LTest;.source:()LTaintData;
	-&gt; api_sink: LTest;.sink:(Ljava/lang/Object;)V 1
Call@(TaintTest.caller,L12)
	-&gt; Call@(TaintTest.caller,L15) param: 1]
	-&gt; Call@(TaintTest...&quot; did not equal &quot;Taint path:[
api_source: LTest;.source:()LTaintData;
	-&gt; api_sink: LTest;.sink:(Ljava/lang/Object;)V 1
Call@(TaintTest.caller,L12)
	-&gt; Call@(TaintTest.caller,L15) param: 1]
	-&gt; Call@(TaintTest...&quot;" type="org.scalatest.exceptions.TestFailedException">org.scalatest.exceptions.TestFailedException: &quot;Taint path:[
api_source: LTest;.source:()LTaintData;
	-&gt; api_sink: LTest;.sink:(Ljava/lang/Object;)V 1
Call@(TaintTest.caller,L12)
	-&gt; Call@(TaintTest.caller,L15) param: 1]
	-&gt; Call@(TaintTest...&quot; did not equal &quot;Taint path:[
api_source: LTest;.source:()LTaintData;
	-&gt; api_sink: LTest;.sink:(Ljava/lang/Object;)V 1
Call@(TaintTest.caller,L12)
	-&gt; Call@(TaintTest.caller,L15) param: 1]
	-&gt; Call@(TaintTest...&quot;
	at org.scalatest.Assertions.newAssertionFailedException(Assertions.scala:528)
	at org.scalatest.Assertions.newAssertionFailedException$(Assertions.scala:527)
	at org.scalatest.FlatSpec.newAssertionFailedException(FlatSpec.scala:1685)
	at org.scalatest.Assertions$AssertionsHelper.macroAssert(Assertions.scala:501)
	at org.argus.jawa.summary.wu.TaintWuTest$TestFile.$anonfun$produce$1(TaintWuTest.scala:166)
	at org.scalatest.OutcomeOf.outcomeOf(OutcomeOf.scala:85)
	at org.scalatest.OutcomeOf.outcomeOf$(OutcomeOf.scala:83)
	at org.scalatest.OutcomeOf$.outcomeOf(OutcomeOf.scala:104)
	at org.scalatest.Transformer.apply(Transformer.scala:22)
	at org.scalatest.Transformer.apply(Transformer.scala:20)
	at org.scalatest.FlatSpecLike$$anon$1.apply(FlatSpecLike.scala:1682)
	at org.scalatest.TestSuite.withFixture(TestSuite.scala:196)
	at org.scalatest.TestSuite.withFixture$(TestSuite.scala:195)
	at org.scalatest.FlatSpec.withFixture(FlatSpec.scala:1685)
	at org.scalatest.FlatSpecLike.invokeWithFixture$1(FlatSpecLike.scala:1680)
	at org.scalatest.FlatSpecLike.$anonfun$runTest$1(FlatSpecLike.scala:1692)
	at org.scalatest.SuperEngine.runTestImpl(Engine.scala:289)
	at org.scalatest.FlatSpecLike.runTest(FlatSpecLike.scala:1692)
	at org.scalatest.FlatSpecLike.runTest$(FlatSpecLike.scala:1674)
	at org.scalatest.FlatSpec.runTest(FlatSpec.scala:1685)
	at org.scalatest.FlatSpecLike.$anonfun$runTests$1(FlatSpecLike.scala:1750)
	at org.scalatest.SuperEngine.$anonfun$runTestsInBranch$1(Engine.scala:396)
	at scala.collection.immutable.List.foreach(List.scala:389)
	at org.scalatest.SuperEngine.traverseSubNodes$1(Engine.scala:384)
	at org.scalatest.SuperEngine.runTestsInBranch(Engine.scala:373)
	at org.scalatest.SuperEngine.$anonfun$runTestsInBranch$1(Engine.scala:410)
	at scala.collection.immutable.List.foreach(List.scala:389)
	at org.scalatest.SuperEngine.traverseSubNodes$1(Engine.scala:384)
	at org.scalatest.SuperEngine.runTestsInBranch(Engine.scala:379)
	at org.scalatest.SuperEngine.runTestsImpl(Engine.scala:461)
	at org.scalatest.FlatSpecLike.runTests(FlatSpecLike.scala:1750)
	at org.scalatest.FlatSpecLike.runTests$(FlatSpecLike.scala:1749)
	at org.scalatest.FlatSpec.runTests(FlatSpec.scala:1685)
	at org.scalatest.Suite.run(Suite.scala:1147)
	at org.scalatest.Suite.run$(Suite.scala:1129)
	at org.scalatest.FlatSpec.org$scalatest$FlatSpecLike$$super$run(FlatSpec.scala:1685)
	at org.scalatest.FlatSpecLike.$anonfun$run$1(FlatSpecLike.scala:1795)
	at org.scalatest.SuperEngine.runImpl(Engine.scala:521)
	at org.scalatest.FlatSpecLike.run(FlatSpecLike.scala:1795)
	at org.scalatest.FlatSpecLike.run$(FlatSpecLike.scala:1793)
	at org.scalatest.FlatSpec.run(FlatSpec.scala:1685)
	at org.scalatest.tools.Framework.org$scalatest$tools$Framework$$runSuite(Framework.scala:314)
	at org.scalatest.tools.Framework$ScalaTestTask.execute(Framework.scala:507)
	at sbt.TestRunner.runTest$1(TestFramework.scala:106)
	at sbt.TestRunner.run(TestFramework.scala:117)
	at sbt.TestFramework$$anon$2$$anonfun$$lessinit$greater$1.$anonfun$apply$1(TestFramework.scala:262)
	at sbt.TestFramework$.sbt$TestFramework$$withContextLoader(TestFramework.scala:233)
	at sbt.TestFramework$$anon$2$$anonfun$$lessinit$greater$1.apply(TestFramework.scala:262)
	at sbt.TestFramework$$anon$2$$anonfun$$lessinit$greater$1.apply(TestFramework.scala:262)
	at sbt.TestFunction.apply(TestFramework.scala:271)
	at sbt.Tests$.$anonfun$toTask$1(Tests.scala:281)
	at sbt.std.Transform$$anon$3.$anonfun$apply$2(System.scala:46)
	at sbt.std.Transform$$anon$4.work(System.scala:66)
	at sbt.Execute.$anonfun$submit$2(Execute.scala:262)
	at sbt.internal.util.ErrorHandling$.wideConvert(ErrorHandling.scala:16)
	at sbt.Execute.work(Execute.scala:271)
	at sbt.Execute.$anonfun$submit$1(Execute.scala:262)
	at sbt.ConcurrentRestrictions$$anon$4.$anonfun$submitValid$1(ConcurrentRestrictions.scala:174)
	at sbt.CompletionService$$anon$2.call(CompletionService.scala:36)
	at java.util.concurrent.FutureTask.run(Unknown Source)
	at java.util.concurrent.Executors$RunnableAdapter.call(Unknown Source)
	at java.util.concurrent.FutureTask.run(Unknown Source)
	at java.util.concurrent.ThreadPoolExecutor.runWorker(Unknown Source)
	at java.util.concurrent.ThreadPoolExecutor$Worker.run(Unknown Source)
	at java.lang.Thread.run(Unknown Source)
</failure>
                                               </testcase><testcase classname="org.argus.jawa.summary.wu.TaintWuTest" name="caller2:()V" time="0.379">
                                                 <failure message="&quot;Taint path:[
api_source: LTest;.source:()LTaintData;
	-&gt; api_sink: LTest;.sink:(Ljava/lang/Object;)V 1
Call@(TaintTest.caller2,L19)
	-&gt; Call@(TaintTest.caller2,L23) param: 0]
	-&gt; Call@(TaintTest...&quot; did not equal &quot;Taint path:[
api_source: LTest;.source:()LTaintData;
	-&gt; api_sink: LTest;.sink:(Ljava/lang/Object;)V 1
Call@(TaintTest.caller2,L19)
	-&gt; Call@(TaintTest.caller2,L23) param: 0]
	-&gt; Call@(TaintTest...&quot;" type="org.scalatest.exceptions.TestFailedException">org.scalatest.exceptions.TestFailedException: &quot;Taint path:[
api_source: LTest;.source:()LTaintData;
	-&gt; api_sink: LTest;.sink:(Ljava/lang/Object;)V 1
Call@(TaintTest.caller2,L19)
	-&gt; Call@(TaintTest.caller2,L23) param: 0]
	-&gt; Call@(TaintTest...&quot; did not equal &quot;Taint path:[
api_source: LTest;.source:()LTaintData;
	-&gt; api_sink: LTest;.sink:(Ljava/lang/Object;)V 1
Call@(TaintTest.caller2,L19)
	-&gt; Call@(TaintTest.caller2,L23) param: 0]
	-&gt; Call@(TaintTest...&quot;
	at org.scalatest.Assertions.newAssertionFailedException(Assertions.scala:528)
	at org.scalatest.Assertions.newAssertionFailedException$(Assertions.scala:527)
	at org.scalatest.FlatSpec.newAssertionFailedException(FlatSpec.scala:1685)
	at org.scalatest.Assertions$AssertionsHelper.macroAssert(Assertions.scala:501)
	at org.argus.jawa.summary.wu.TaintWuTest$TestFile.$anonfun$produce$1(TaintWuTest.scala:166)
	at org.scalatest.OutcomeOf.outcomeOf(OutcomeOf.scala:85)
	at org.scalatest.OutcomeOf.outcomeOf$(OutcomeOf.scala:83)
	at org.scalatest.OutcomeOf$.outcomeOf(OutcomeOf.scala:104)
	at org.scalatest.Transformer.apply(Transformer.scala:22)
	at org.scalatest.Transformer.apply(Transformer.scala:20)
	at org.scalatest.FlatSpecLike$$anon$1.apply(FlatSpecLike.scala:1682)
	at org.scalatest.TestSuite.withFixture(TestSuite.scala:196)
	at org.scalatest.TestSuite.withFixture$(TestSuite.scala:195)
	at org.scalatest.FlatSpec.withFixture(FlatSpec.scala:1685)
	at org.scalatest.FlatSpecLike.invokeWithFixture$1(FlatSpecLike.scala:1680)
	at org.scalatest.FlatSpecLike.$anonfun$runTest$1(FlatSpecLike.scala:1692)
	at org.scalatest.SuperEngine.runTestImpl(Engine.scala:289)
	at org.scalatest.FlatSpecLike.runTest(FlatSpecLike.scala:1692)
	at org.scalatest.FlatSpecLike.runTest$(FlatSpecLike.scala:1674)
	at org.scalatest.FlatSpec.runTest(FlatSpec.scala:1685)
	at org.scalatest.FlatSpecLike.$anonfun$runTests$1(FlatSpecLike.scala:1750)
	at org.scalatest.SuperEngine.$anonfun$runTestsInBranch$1(Engine.scala:396)
	at scala.collection.immutable.List.foreach(List.scala:389)
	at org.scalatest.SuperEngine.traverseSubNodes$1(Engine.scala:384)
	at org.scalatest.SuperEngine.runTestsInBranch(Engine.scala:373)
	at org.scalatest.SuperEngine.$anonfun$runTestsInBranch$1(Engine.scala:410)
	at scala.collection.immutable.List.foreach(List.scala:389)
	at org.scalatest.SuperEngine.traverseSubNodes$1(Engine.scala:384)
	at org.scalatest.SuperEngine.runTestsInBranch(Engine.scala:379)
	at org.scalatest.SuperEngine.runTestsImpl(Engine.scala:461)
	at org.scalatest.FlatSpecLike.runTests(FlatSpecLike.scala:1750)
	at org.scalatest.FlatSpecLike.runTests$(FlatSpecLike.scala:1749)
	at org.scalatest.FlatSpec.runTests(FlatSpec.scala:1685)
	at org.scalatest.Suite.run(Suite.scala:1147)
	at org.scalatest.Suite.run$(Suite.scala:1129)
	at org.scalatest.FlatSpec.org$scalatest$FlatSpecLike$$super$run(FlatSpec.scala:1685)
	at org.scalatest.FlatSpecLike.$anonfun$run$1(FlatSpecLike.scala:1795)
	at org.scalatest.SuperEngine.runImpl(Engine.scala:521)
	at org.scalatest.FlatSpecLike.run(FlatSpecLike.scala:1795)
	at org.scalatest.FlatSpecLike.run$(FlatSpecLike.scala:1793)
	at org.scalatest.FlatSpec.run(FlatSpec.scala:1685)
	at org.scalatest.tools.Framework.org$scalatest$tools$Framework$$runSuite(Framework.scala:314)
	at org.scalatest.tools.Framework$ScalaTestTask.execute(Framework.scala:507)
	at sbt.TestRunner.runTest$1(TestFramework.scala:106)
	at sbt.TestRunner.run(TestFramework.scala:117)
	at sbt.TestFramework$$anon$2$$anonfun$$lessinit$greater$1.$anonfun$apply$1(TestFramework.scala:262)
	at sbt.TestFramework$.sbt$TestFramework$$withContextLoader(TestFramework.scala:233)
	at sbt.TestFramework$$anon$2$$anonfun$$lessinit$greater$1.apply(TestFramework.scala:262)
	at sbt.TestFramework$$anon$2$$anonfun$$lessinit$greater$1.apply(TestFramework.scala:262)
	at sbt.TestFunction.apply(TestFramework.scala:271)
	at sbt.Tests$.$anonfun$toTask$1(Tests.scala:281)
	at sbt.std.Transform$$anon$3.$anonfun$apply$2(System.scala:46)
	at sbt.std.Transform$$anon$4.work(System.scala:66)
	at sbt.Execute.$anonfun$submit$2(Execute.scala:262)
	at sbt.internal.util.ErrorHandling$.wideConvert(ErrorHandling.scala:16)
	at sbt.Execute.work(Execute.scala:271)
	at sbt.Execute.$anonfun$submit$1(Execute.scala:262)
	at sbt.ConcurrentRestrictions$$anon$4.$anonfun$submitValid$1(ConcurrentRestrictions.scala:174)
	at sbt.CompletionService$$anon$2.call(CompletionService.scala:36)
	at java.util.concurrent.FutureTask.run(Unknown Source)
	at java.util.concurrent.Executors$RunnableAdapter.call(Unknown Source)
	at java.util.concurrent.FutureTask.run(Unknown Source)
	at java.util.concurrent.ThreadPoolExecutor.runWorker(Unknown Source)
	at java.util.concurrent.ThreadPoolExecutor$Worker.run(Unknown Source)
	at java.lang.Thread.run(Unknown Source)
</failure>
                                               </testcase><testcase classname="org.argus.jawa.summary.wu.TaintWuTest" name="caller3:()V" time="0.35">
                                                 <failure message="&quot;Taint path:[
api_source: LTest;.source:()LTaintData;
	-&gt; api_sink: LTest;.sink:(Ljava/lang/Object;)V 1
Call@(TaintTest.direct_source,L34)
	-&gt; Call@(TaintTest.caller3,L32) param: 0]
	-&gt; Call@(TaintTest...&quot; did not equal &quot;Taint path:[
api_source: LTest;.source:()LTaintData;
	-&gt; api_sink: LTest;.sink:(Ljava/lang/Object;)V 1
Call@(TaintTest.direct_source,L34)
	-&gt; Call@(TaintTest.caller3,L32) param: 0]
	-&gt; Call@(TaintTest...&quot;" type="org.scalatest.exceptions.TestFailedException">org.scalatest.exceptions.TestFailedException: &quot;Taint path:[
api_source: LTest;.source:()LTaintData;
	-&gt; api_sink: LTest;.sink:(Ljava/lang/Object;)V 1
Call@(TaintTest.direct_source,L34)
	-&gt; Call@(TaintTest.caller3,L32) param: 0]
	-&gt; Call@(TaintTest...&quot; did not equal &quot;Taint path:[
api_source: LTest;.source:()LTaintData;
	-&gt; api_sink: LTest;.sink:(Ljava/lang/Object;)V 1
Call@(TaintTest.direct_source,L34)
	-&gt; Call@(TaintTest.caller3,L32) param: 0]
	-&gt; Call@(TaintTest...&quot;
	at org.scalatest.Assertions.newAssertionFailedException(Assertions.scala:528)
	at org.scalatest.Assertions.newAssertionFailedException$(Assertions.scala:527)
	at org.scalatest.FlatSpec.newAssertionFailedException(FlatSpec.scala:1685)
	at org.scalatest.Assertions$AssertionsHelper.macroAssert(Assertions.scala:501)
	at org.argus.jawa.summary.wu.TaintWuTest$TestFile.$anonfun$produce$1(TaintWuTest.scala:166)
	at org.scalatest.OutcomeOf.outcomeOf(OutcomeOf.scala:85)
	at org.scalatest.OutcomeOf.outcomeOf$(OutcomeOf.scala:83)
	at org.scalatest.OutcomeOf$.outcomeOf(OutcomeOf.scala:104)
	at org.scalatest.Transformer.apply(Transformer.scala:22)
	at org.scalatest.Transformer.apply(Transformer.scala:20)
	at org.scalatest.FlatSpecLike$$anon$1.apply(FlatSpecLike.scala:1682)
	at org.scalatest.TestSuite.withFixture(TestSuite.scala:196)
	at org.scalatest.TestSuite.withFixture$(TestSuite.scala:195)
	at org.scalatest.FlatSpec.withFixture(FlatSpec.scala:1685)
	at org.scalatest.FlatSpecLike.invokeWithFixture$1(FlatSpecLike.scala:1680)
	at org.scalatest.FlatSpecLike.$anonfun$runTest$1(FlatSpecLike.scala:1692)
	at org.scalatest.SuperEngine.runTestImpl(Engine.scala:289)
	at org.scalatest.FlatSpecLike.runTest(FlatSpecLike.scala:1692)
	at org.scalatest.FlatSpecLike.runTest$(FlatSpecLike.scala:1674)
	at org.scalatest.FlatSpec.runTest(FlatSpec.scala:1685)
	at org.scalatest.FlatSpecLike.$anonfun$runTests$1(FlatSpecLike.scala:1750)
	at org.scalatest.SuperEngine.$anonfun$runTestsInBranch$1(Engine.scala:396)
	at scala.collection.immutable.List.foreach(List.scala:389)
	at org.scalatest.SuperEngine.traverseSubNodes$1(Engine.scala:384)
	at org.scalatest.SuperEngine.runTestsInBranch(Engine.scala:373)
	at org.scalatest.SuperEngine.$anonfun$runTestsInBranch$1(Engine.scala:410)
	at scala.collection.immutable.List.foreach(List.scala:389)
	at org.scalatest.SuperEngine.traverseSubNodes$1(Engine.scala:384)
	at org.scalatest.SuperEngine.runTestsInBranch(Engine.scala:379)
	at org.scalatest.SuperEngine.runTestsImpl(Engine.scala:461)
	at org.scalatest.FlatSpecLike.runTests(FlatSpecLike.scala:1750)
	at org.scalatest.FlatSpecLike.runTests$(FlatSpecLike.scala:1749)
	at org.scalatest.FlatSpec.runTests(FlatSpec.scala:1685)
	at org.scalatest.Suite.run(Suite.scala:1147)
	at org.scalatest.Suite.run$(Suite.scala:1129)
	at org.scalatest.FlatSpec.org$scalatest$FlatSpecLike$$super$run(FlatSpec.scala:1685)
	at org.scalatest.FlatSpecLike.$anonfun$run$1(FlatSpecLike.scala:1795)
	at org.scalatest.SuperEngine.runImpl(Engine.scala:521)
	at org.scalatest.FlatSpecLike.run(FlatSpecLike.scala:1795)
	at org.scalatest.FlatSpecLike.run$(FlatSpecLike.scala:1793)
	at org.scalatest.FlatSpec.run(FlatSpec.scala:1685)
	at org.scalatest.tools.Framework.org$scalatest$tools$Framework$$runSuite(Framework.scala:314)
	at org.scalatest.tools.Framework$ScalaTestTask.execute(Framework.scala:507)
	at sbt.TestRunner.runTest$1(TestFramework.scala:106)
	at sbt.TestRunner.run(TestFramework.scala:117)
	at sbt.TestFramework$$anon$2$$anonfun$$lessinit$greater$1.$anonfun$apply$1(TestFramework.scala:262)
	at sbt.TestFramework$.sbt$TestFramework$$withContextLoader(TestFramework.scala:233)
	at sbt.TestFramework$$anon$2$$anonfun$$lessinit$greater$1.apply(TestFramework.scala:262)
	at sbt.TestFramework$$anon$2$$anonfun$$lessinit$greater$1.apply(TestFramework.scala:262)
	at sbt.TestFunction.apply(TestFramework.scala:271)
	at sbt.Tests$.$anonfun$toTask$1(Tests.scala:281)
	at sbt.std.Transform$$anon$3.$anonfun$apply$2(System.scala:46)
	at sbt.std.Transform$$anon$4.work(System.scala:66)
	at sbt.Execute.$anonfun$submit$2(Execute.scala:262)
	at sbt.internal.util.ErrorHandling$.wideConvert(ErrorHandling.scala:16)
	at sbt.Execute.work(Execute.scala:271)
	at sbt.Execute.$anonfun$submit$1(Execute.scala:262)
	at sbt.ConcurrentRestrictions$$anon$4.$anonfun$submitValid$1(ConcurrentRestrictions.scala:174)
	at sbt.CompletionService$$anon$2.call(CompletionService.scala:36)
	at java.util.concurrent.FutureTask.run(Unknown Source)
	at java.util.concurrent.Executors$RunnableAdapter.call(Unknown Source)
	at java.util.concurrent.FutureTask.run(Unknown Source)
	at java.util.concurrent.ThreadPoolExecutor.runWorker(Unknown Source)
	at java.util.concurrent.ThreadPoolExecutor$Worker.run(Unknown Source)
	at java.lang.Thread.run(Unknown Source)
</failure>
                                               </testcase><testcase classname="org.argus.jawa.summary.wu.TaintWuTest" name="caller4:()V" time="0.395">
                                                 <failure message="&quot;Taint path:[
api_source: LTest;.source:()LTaintData;
	-&gt; api_sink: LTest;.sink:(Ljava/lang/Object;)V 1
Call@(TaintTest.field_source,L37)
	-&gt; Call@(TaintTest.caller4,L42) param: 0]
	-&gt; Call@(TaintTest...&quot; did not equal &quot;Taint path:[
api_source: LTest;.source:()LTaintData;
	-&gt; api_sink: LTest;.sink:(Ljava/lang/Object;)V 1
Call@(TaintTest.field_source,L37)
	-&gt; Call@(TaintTest.caller4,L42) param: 0]
	-&gt; Call@(TaintTest...&quot;" type="org.scalatest.exceptions.TestFailedException">org.scalatest.exceptions.TestFailedException: &quot;Taint path:[
api_source: LTest;.source:()LTaintData;
	-&gt; api_sink: LTest;.sink:(Ljava/lang/Object;)V 1
Call@(TaintTest.field_source,L37)
	-&gt; Call@(TaintTest.caller4,L42) param: 0]
	-&gt; Call@(TaintTest...&quot; did not equal &quot;Taint path:[
api_source: LTest;.source:()LTaintData;
	-&gt; api_sink: LTest;.sink:(Ljava/lang/Object;)V 1
Call@(TaintTest.field_source,L37)
	-&gt; Call@(TaintTest.caller4,L42) param: 0]
	-&gt; Call@(TaintTest...&quot;
	at org.scalatest.Assertions.newAssertionFailedException(Assertions.scala:528)
	at org.scalatest.Assertions.newAssertionFailedException$(Assertions.scala:527)
	at org.scalatest.FlatSpec.newAssertionFailedException(FlatSpec.scala:1685)
	at org.scalatest.Assertions$AssertionsHelper.macroAssert(Assertions.scala:501)
	at org.argus.jawa.summary.wu.TaintWuTest$TestFile.$anonfun$produce$1(TaintWuTest.scala:166)
	at org.scalatest.OutcomeOf.outcomeOf(OutcomeOf.scala:85)
	at org.scalatest.OutcomeOf.outcomeOf$(OutcomeOf.scala:83)
	at org.scalatest.OutcomeOf$.outcomeOf(OutcomeOf.scala:104)
	at org.scalatest.Transformer.apply(Transformer.scala:22)
	at org.scalatest.Transformer.apply(Transformer.scala:20)
	at org.scalatest.FlatSpecLike$$anon$1.apply(FlatSpecLike.scala:1682)
	at org.scalatest.TestSuite.withFixture(TestSuite.scala:196)
	at org.scalatest.TestSuite.withFixture$(TestSuite.scala:195)
	at org.scalatest.FlatSpec.withFixture(FlatSpec.scala:1685)
	at org.scalatest.FlatSpecLike.invokeWithFixture$1(FlatSpecLike.scala:1680)
	at org.scalatest.FlatSpecLike.$anonfun$runTest$1(FlatSpecLike.scala:1692)
	at org.scalatest.SuperEngine.runTestImpl(Engine.scala:289)
	at org.scalatest.FlatSpecLike.runTest(FlatSpecLike.scala:1692)
	at org.scalatest.FlatSpecLike.runTest$(FlatSpecLike.scala:1674)
	at org.scalatest.FlatSpec.runTest(FlatSpec.scala:1685)
	at org.scalatest.FlatSpecLike.$anonfun$runTests$1(FlatSpecLike.scala:1750)
	at org.scalatest.SuperEngine.$anonfun$runTestsInBranch$1(Engine.scala:396)
	at scala.collection.immutable.List.foreach(List.scala:389)
	at org.scalatest.SuperEngine.traverseSubNodes$1(Engine.scala:384)
	at org.scalatest.SuperEngine.runTestsInBranch(Engine.scala:373)
	at org.scalatest.SuperEngine.$anonfun$runTestsInBranch$1(Engine.scala:410)
	at scala.collection.immutable.List.foreach(List.scala:389)
	at org.scalatest.SuperEngine.traverseSubNodes$1(Engine.scala:384)
	at org.scalatest.SuperEngine.runTestsInBranch(Engine.scala:379)
	at org.scalatest.SuperEngine.runTestsImpl(Engine.scala:461)
	at org.scalatest.FlatSpecLike.runTests(FlatSpecLike.scala:1750)
	at org.scalatest.FlatSpecLike.runTests$(FlatSpecLike.scala:1749)
	at org.scalatest.FlatSpec.runTests(FlatSpec.scala:1685)
	at org.scalatest.Suite.run(Suite.scala:1147)
	at org.scalatest.Suite.run$(Suite.scala:1129)
	at org.scalatest.FlatSpec.org$scalatest$FlatSpecLike$$super$run(FlatSpec.scala:1685)
	at org.scalatest.FlatSpecLike.$anonfun$run$1(FlatSpecLike.scala:1795)
	at org.scalatest.SuperEngine.runImpl(Engine.scala:521)
	at org.scalatest.FlatSpecLike.run(FlatSpecLike.scala:1795)
	at org.scalatest.FlatSpecLike.run$(FlatSpecLike.scala:1793)
	at org.scalatest.FlatSpec.run(FlatSpec.scala:1685)
	at org.scalatest.tools.Framework.org$scalatest$tools$Framework$$runSuite(Framework.scala:314)
	at org.scalatest.tools.Framework$ScalaTestTask.execute(Framework.scala:507)
	at sbt.TestRunner.runTest$1(TestFramework.scala:106)
	at sbt.TestRunner.run(TestFramework.scala:117)
	at sbt.TestFramework$$anon$2$$anonfun$$lessinit$greater$1.$anonfun$apply$1(TestFramework.scala:262)
	at sbt.TestFramework$.sbt$TestFramework$$withContextLoader(TestFramework.scala:233)
	at sbt.TestFramework$$anon$2$$anonfun$$lessinit$greater$1.apply(TestFramework.scala:262)
	at sbt.TestFramework$$anon$2$$anonfun$$lessinit$greater$1.apply(TestFramework.scala:262)
	at sbt.TestFunction.apply(TestFramework.scala:271)
	at sbt.Tests$.$anonfun$toTask$1(Tests.scala:281)
	at sbt.std.Transform$$anon$3.$anonfun$apply$2(System.scala:46)
	at sbt.std.Transform$$anon$4.work(System.scala:66)
	at sbt.Execute.$anonfun$submit$2(Execute.scala:262)
	at sbt.internal.util.ErrorHandling$.wideConvert(ErrorHandling.scala:16)
	at sbt.Execute.work(Execute.scala:271)
	at sbt.Execute.$anonfun$submit$1(Execute.scala:262)
	at sbt.ConcurrentRestrictions$$anon$4.$anonfun$submitValid$1(ConcurrentRestrictions.scala:174)
	at sbt.CompletionService$$anon$2.call(CompletionService.scala:36)
	at java.util.concurrent.FutureTask.run(Unknown Source)
	at java.util.concurrent.Executors$RunnableAdapter.call(Unknown Source)
	at java.util.concurrent.FutureTask.run(Unknown Source)
	at java.util.concurrent.ThreadPoolExecutor.runWorker(Unknown Source)
	at java.util.concurrent.ThreadPoolExecutor$Worker.run(Unknown Source)
	at java.lang.Thread.run(Unknown Source)
</failure>
                                               </testcase><testcase classname="org.argus.jawa.summary.wu.TaintWuTest" name="caller5:()V" time="0.162">
                                                 <failure message="&quot;Taint path:[
api_source: LTest;.source:()LTaintData;
	-&gt; api_sink: LTest;.sink:(Ljava/lang/Object;)V 1
Call@(TaintTest.field_source,L37)]
	-&gt; Call@(TaintTest...&quot; did not equal &quot;Taint path:[
api_source: LTest;.source:()LTaintData;
	-&gt; api_sink: LTest;.sink:(Ljava/lang/Object;)V 1
Call@(TaintTest.field_source,L37)]
	-&gt; Call@(TaintTest...&quot;" type="org.scalatest.exceptions.TestFailedException">org.scalatest.exceptions.TestFailedException: &quot;Taint path:[
api_source: LTest;.source:()LTaintData;
	-&gt; api_sink: LTest;.sink:(Ljava/lang/Object;)V 1
Call@(TaintTest.field_source,L37)]
	-&gt; Call@(TaintTest...&quot; did not equal &quot;Taint path:[
api_source: LTest;.source:()LTaintData;
	-&gt; api_sink: LTest;.sink:(Ljava/lang/Object;)V 1
Call@(TaintTest.field_source,L37)]
	-&gt; Call@(TaintTest...&quot;
	at org.scalatest.Assertions.newAssertionFailedException(Assertions.scala:528)
	at org.scalatest.Assertions.newAssertionFailedException$(Assertions.scala:527)
	at org.scalatest.FlatSpec.newAssertionFailedException(FlatSpec.scala:1685)
	at org.scalatest.Assertions$AssertionsHelper.macroAssert(Assertions.scala:501)
	at org.argus.jawa.summary.wu.TaintWuTest$TestFile.$anonfun$produce$1(TaintWuTest.scala:166)
	at org.scalatest.OutcomeOf.outcomeOf(OutcomeOf.scala:85)
	at org.scalatest.OutcomeOf.outcomeOf$(OutcomeOf.scala:83)
	at org.scalatest.OutcomeOf$.outcomeOf(OutcomeOf.scala:104)
	at org.scalatest.Transformer.apply(Transformer.scala:22)
	at org.scalatest.Transformer.apply(Transformer.scala:20)
	at org.scalatest.FlatSpecLike$$anon$1.apply(FlatSpecLike.scala:1682)
	at org.scalatest.TestSuite.withFixture(TestSuite.scala:196)
	at org.scalatest.TestSuite.withFixture$(TestSuite.scala:195)
	at org.scalatest.FlatSpec.withFixture(FlatSpec.scala:1685)
	at org.scalatest.FlatSpecLike.invokeWithFixture$1(FlatSpecLike.scala:1680)
	at org.scalatest.FlatSpecLike.$anonfun$runTest$1(FlatSpecLike.scala:1692)
	at org.scalatest.SuperEngine.runTestImpl(Engine.scala:289)
	at org.scalatest.FlatSpecLike.runTest(FlatSpecLike.scala:1692)
	at org.scalatest.FlatSpecLike.runTest$(FlatSpecLike.scala:1674)
	at org.scalatest.FlatSpec.runTest(FlatSpec.scala:1685)
	at org.scalatest.FlatSpecLike.$anonfun$runTests$1(FlatSpecLike.scala:1750)
	at org.scalatest.SuperEngine.$anonfun$runTestsInBranch$1(Engine.scala:396)
	at scala.collection.immutable.List.foreach(List.scala:389)
	at org.scalatest.SuperEngine.traverseSubNodes$1(Engine.scala:384)
	at org.scalatest.SuperEngine.runTestsInBranch(Engine.scala:373)
	at org.scalatest.SuperEngine.$anonfun$runTestsInBranch$1(Engine.scala:410)
	at scala.collection.immutable.List.foreach(List.scala:389)
	at org.scalatest.SuperEngine.traverseSubNodes$1(Engine.scala:384)
	at org.scalatest.SuperEngine.runTestsInBranch(Engine.scala:379)
	at org.scalatest.SuperEngine.runTestsImpl(Engine.scala:461)
	at org.scalatest.FlatSpecLike.runTests(FlatSpecLike.scala:1750)
	at org.scalatest.FlatSpecLike.runTests$(FlatSpecLike.scala:1749)
	at org.scalatest.FlatSpec.runTests(FlatSpec.scala:1685)
	at org.scalatest.Suite.run(Suite.scala:1147)
	at org.scalatest.Suite.run$(Suite.scala:1129)
	at org.scalatest.FlatSpec.org$scalatest$FlatSpecLike$$super$run(FlatSpec.scala:1685)
	at org.scalatest.FlatSpecLike.$anonfun$run$1(FlatSpecLike.scala:1795)
	at org.scalatest.SuperEngine.runImpl(Engine.scala:521)
	at org.scalatest.FlatSpecLike.run(FlatSpecLike.scala:1795)
	at org.scalatest.FlatSpecLike.run$(FlatSpecLike.scala:1793)
	at org.scalatest.FlatSpec.run(FlatSpec.scala:1685)
	at org.scalatest.tools.Framework.org$scalatest$tools$Framework$$runSuite(Framework.scala:314)
	at org.scalatest.tools.Framework$ScalaTestTask.execute(Framework.scala:507)
	at sbt.TestRunner.runTest$1(TestFramework.scala:106)
	at sbt.TestRunner.run(TestFramework.scala:117)
	at sbt.TestFramework$$anon$2$$anonfun$$lessinit$greater$1.$anonfun$apply$1(TestFramework.scala:262)
	at sbt.TestFramework$.sbt$TestFramework$$withContextLoader(TestFramework.scala:233)
	at sbt.TestFramework$$anon$2$$anonfun$$lessinit$greater$1.apply(TestFramework.scala:262)
	at sbt.TestFramework$$anon$2$$anonfun$$lessinit$greater$1.apply(TestFramework.scala:262)
	at sbt.TestFunction.apply(TestFramework.scala:271)
	at sbt.Tests$.$anonfun$toTask$1(Tests.scala:281)
	at sbt.std.Transform$$anon$3.$anonfun$apply$2(System.scala:46)
	at sbt.std.Transform$$anon$4.work(System.scala:66)
	at sbt.Execute.$anonfun$submit$2(Execute.scala:262)
	at sbt.internal.util.ErrorHandling$.wideConvert(ErrorHandling.scala:16)
	at sbt.Execute.work(Execute.scala:271)
	at sbt.Execute.$anonfun$submit$1(Execute.scala:262)
	at sbt.ConcurrentRestrictions$$anon$4.$anonfun$submitValid$1(ConcurrentRestrictions.scala:174)
	at sbt.CompletionService$$anon$2.call(CompletionService.scala:36)
	at java.util.concurrent.FutureTask.run(Unknown Source)
	at java.util.concurrent.Executors$RunnableAdapter.call(Unknown Source)
	at java.util.concurrent.FutureTask.run(Unknown Source)
	at java.util.concurrent.ThreadPoolExecutor.runWorker(Unknown Source)
	at java.util.concurrent.ThreadPoolExecutor$Worker.run(Unknown Source)
	at java.lang.Thread.run(Unknown Source)
</failure>
                                               </testcase><testcase classname="org.argus.jawa.summary.wu.TaintWuTest" name="caller6:()V" time="0.157">
                                                 <failure message="&quot;Taint path:[
api_source: LTest;.source:()LTaintData;
	-&gt; api_sink: LTest;.sink:(Ljava/lang/Object;)V 1
Call@(TaintTest.caller6,L47)]
	-&gt; Call@(TaintTest...&quot; did not equal &quot;Taint path:[
api_source: LTest;.source:()LTaintData;
	-&gt; api_sink: LTest;.sink:(Ljava/lang/Object;)V 1
Call@(TaintTest.caller6,L47)]
	-&gt; Call@(TaintTest...&quot;" type="org.scalatest.exceptions.TestFailedException">org.scalatest.exceptions.TestFailedException: &quot;Taint path:[
api_source: LTest;.source:()LTaintData;
	-&gt; api_sink: LTest;.sink:(Ljava/lang/Object;)V 1
Call@(TaintTest.caller6,L47)]
	-&gt; Call@(TaintTest...&quot; did not equal &quot;Taint path:[
api_source: LTest;.source:()LTaintData;
	-&gt; api_sink: LTest;.sink:(Ljava/lang/Object;)V 1
Call@(TaintTest.caller6,L47)]
	-&gt; Call@(TaintTest...&quot;
	at org.scalatest.Assertions.newAssertionFailedException(Assertions.scala:528)
	at org.scalatest.Assertions.newAssertionFailedException$(Assertions.scala:527)
	at org.scalatest.FlatSpec.newAssertionFailedException(FlatSpec.scala:1685)
	at org.scalatest.Assertions$AssertionsHelper.macroAssert(Assertions.scala:501)
	at org.argus.jawa.summary.wu.TaintWuTest$TestFile.$anonfun$produce$1(TaintWuTest.scala:166)
	at org.scalatest.OutcomeOf.outcomeOf(OutcomeOf.scala:85)
	at org.scalatest.OutcomeOf.outcomeOf$(OutcomeOf.scala:83)
	at org.scalatest.OutcomeOf$.outcomeOf(OutcomeOf.scala:104)
	at org.scalatest.Transformer.apply(Transformer.scala:22)
	at org.scalatest.Transformer.apply(Transformer.scala:20)
	at org.scalatest.FlatSpecLike$$anon$1.apply(FlatSpecLike.scala:1682)
	at org.scalatest.TestSuite.withFixture(TestSuite.scala:196)
	at org.scalatest.TestSuite.withFixture$(TestSuite.scala:195)
	at org.scalatest.FlatSpec.withFixture(FlatSpec.scala:1685)
	at org.scalatest.FlatSpecLike.invokeWithFixture$1(FlatSpecLike.scala:1680)
	at org.scalatest.FlatSpecLike.$anonfun$runTest$1(FlatSpecLike.scala:1692)
	at org.scalatest.SuperEngine.runTestImpl(Engine.scala:289)
	at org.scalatest.FlatSpecLike.runTest(FlatSpecLike.scala:1692)
	at org.scalatest.FlatSpecLike.runTest$(FlatSpecLike.scala:1674)
	at org.scalatest.FlatSpec.runTest(FlatSpec.scala:1685)
	at org.scalatest.FlatSpecLike.$anonfun$runTests$1(FlatSpecLike.scala:1750)
	at org.scalatest.SuperEngine.$anonfun$runTestsInBranch$1(Engine.scala:396)
	at scala.collection.immutable.List.foreach(List.scala:389)
	at org.scalatest.SuperEngine.traverseSubNodes$1(Engine.scala:384)
	at org.scalatest.SuperEngine.runTestsInBranch(Engine.scala:373)
	at org.scalatest.SuperEngine.$anonfun$runTestsInBranch$1(Engine.scala:410)
	at scala.collection.immutable.List.foreach(List.scala:389)
	at org.scalatest.SuperEngine.traverseSubNodes$1(Engine.scala:384)
	at org.scalatest.SuperEngine.runTestsInBranch(Engine.scala:379)
	at org.scalatest.SuperEngine.runTestsImpl(Engine.scala:461)
	at org.scalatest.FlatSpecLike.runTests(FlatSpecLike.scala:1750)
	at org.scalatest.FlatSpecLike.runTests$(FlatSpecLike.scala:1749)
	at org.scalatest.FlatSpec.runTests(FlatSpec.scala:1685)
	at org.scalatest.Suite.run(Suite.scala:1147)
	at org.scalatest.Suite.run$(Suite.scala:1129)
	at org.scalatest.FlatSpec.org$scalatest$FlatSpecLike$$super$run(FlatSpec.scala:1685)
	at org.scalatest.FlatSpecLike.$anonfun$run$1(FlatSpecLike.scala:1795)
	at org.scalatest.SuperEngine.runImpl(Engine.scala:521)
	at org.scalatest.FlatSpecLike.run(FlatSpecLike.scala:1795)
	at org.scalatest.FlatSpecLike.run$(FlatSpecLike.scala:1793)
	at org.scalatest.FlatSpec.run(FlatSpec.scala:1685)
	at org.scalatest.tools.Framework.org$scalatest$tools$Framework$$runSuite(Framework.scala:314)
	at org.scalatest.tools.Framework$ScalaTestTask.execute(Framework.scala:507)
	at sbt.TestRunner.runTest$1(TestFramework.scala:106)
	at sbt.TestRunner.run(TestFramework.scala:117)
	at sbt.TestFramework$$anon$2$$anonfun$$lessinit$greater$1.$anonfun$apply$1(TestFramework.scala:262)
	at sbt.TestFramework$.sbt$TestFramework$$withContextLoader(TestFramework.scala:233)
	at sbt.TestFramework$$anon$2$$anonfun$$lessinit$greater$1.apply(TestFramework.scala:262)
	at sbt.TestFramework$$anon$2$$anonfun$$lessinit$greater$1.apply(TestFramework.scala:262)
	at sbt.TestFunction.apply(TestFramework.scala:271)
	at sbt.Tests$.$anonfun$toTask$1(Tests.scala:281)
	at sbt.std.Transform$$anon$3.$anonfun$apply$2(System.scala:46)
	at sbt.std.Transform$$anon$4.work(System.scala:66)
	at sbt.Execute.$anonfun$submit$2(Execute.scala:262)
	at sbt.internal.util.ErrorHandling$.wideConvert(ErrorHandling.scala:16)
	at sbt.Execute.work(Execute.scala:271)
	at sbt.Execute.$anonfun$submit$1(Execute.scala:262)
	at sbt.ConcurrentRestrictions$$anon$4.$anonfun$submitValid$1(ConcurrentRestrictions.scala:174)
	at sbt.CompletionService$$anon$2.call(CompletionService.scala:36)
	at java.util.concurrent.FutureTask.run(Unknown Source)
	at java.util.concurrent.Executors$RunnableAdapter.call(Unknown Source)
	at java.util.concurrent.FutureTask.run(Unknown Source)
	at java.util.concurrent.ThreadPoolExecutor.runWorker(Unknown Source)
	at java.util.concurrent.ThreadPoolExecutor$Worker.run(Unknown Source)
	at java.lang.Thread.run(Unknown Source)
</failure>
                                               </testcase><testcase classname="org.argus.jawa.summary.wu.TaintWuTest" name="caller7:()V" time="0.406">
                                                 <failure message="&quot;Taint path:[
api_source: LTest;.source:(LData;)V 1.str
	-&gt; api_sink: LTest;.sink:(Ljava/lang/Object;)V 1
Call@(TaintTest.caller7,L3) param: 1.str]
	-&gt; Call@(TaintTest...&quot; did not equal &quot;Taint path:[
api_source: LTest;.source:(LData;)V 1.str
	-&gt; api_sink: LTest;.sink:(Ljava/lang/Object;)V 1
Call@(TaintTest.caller7,L3) param: 1.str]
	-&gt; Call@(TaintTest...&quot;" type="org.scalatest.exceptions.TestFailedException">org.scalatest.exceptions.TestFailedException: &quot;Taint path:[
api_source: LTest;.source:(LData;)V 1.str
	-&gt; api_sink: LTest;.sink:(Ljava/lang/Object;)V 1
Call@(TaintTest.caller7,L3) param: 1.str]
	-&gt; Call@(TaintTest...&quot; did not equal &quot;Taint path:[
api_source: LTest;.source:(LData;)V 1.str
	-&gt; api_sink: LTest;.sink:(Ljava/lang/Object;)V 1
Call@(TaintTest.caller7,L3) param: 1.str]
	-&gt; Call@(TaintTest...&quot;
	at org.scalatest.Assertions.newAssertionFailedException(Assertions.scala:528)
	at org.scalatest.Assertions.newAssertionFailedException$(Assertions.scala:527)
	at org.scalatest.FlatSpec.newAssertionFailedException(FlatSpec.scala:1685)
	at org.scalatest.Assertions$AssertionsHelper.macroAssert(Assertions.scala:501)
	at org.argus.jawa.summary.wu.TaintWuTest$TestFile.$anonfun$produce$1(TaintWuTest.scala:166)
	at org.scalatest.OutcomeOf.outcomeOf(OutcomeOf.scala:85)
	at org.scalatest.OutcomeOf.outcomeOf$(OutcomeOf.scala:83)
	at org.scalatest.OutcomeOf$.outcomeOf(OutcomeOf.scala:104)
	at org.scalatest.Transformer.apply(Transformer.scala:22)
	at org.scalatest.Transformer.apply(Transformer.scala:20)
	at org.scalatest.FlatSpecLike$$anon$1.apply(FlatSpecLike.scala:1682)
	at org.scalatest.TestSuite.withFixture(TestSuite.scala:196)
	at org.scalatest.TestSuite.withFixture$(TestSuite.scala:195)
	at org.scalatest.FlatSpec.withFixture(FlatSpec.scala:1685)
	at org.scalatest.FlatSpecLike.invokeWithFixture$1(FlatSpecLike.scala:1680)
	at org.scalatest.FlatSpecLike.$anonfun$runTest$1(FlatSpecLike.scala:1692)
	at org.scalatest.SuperEngine.runTestImpl(Engine.scala:289)
	at org.scalatest.FlatSpecLike.runTest(FlatSpecLike.scala:1692)
	at org.scalatest.FlatSpecLike.runTest$(FlatSpecLike.scala:1674)
	at org.scalatest.FlatSpec.runTest(FlatSpec.scala:1685)
	at org.scalatest.FlatSpecLike.$anonfun$runTests$1(FlatSpecLike.scala:1750)
	at org.scalatest.SuperEngine.$anonfun$runTestsInBranch$1(Engine.scala:396)
	at scala.collection.immutable.List.foreach(List.scala:389)
	at org.scalatest.SuperEngine.traverseSubNodes$1(Engine.scala:384)
	at org.scalatest.SuperEngine.runTestsInBranch(Engine.scala:373)
	at org.scalatest.SuperEngine.$anonfun$runTestsInBranch$1(Engine.scala:410)
	at scala.collection.immutable.List.foreach(List.scala:389)
	at org.scalatest.SuperEngine.traverseSubNodes$1(Engine.scala:384)
	at org.scalatest.SuperEngine.runTestsInBranch(Engine.scala:379)
	at org.scalatest.SuperEngine.runTestsImpl(Engine.scala:461)
	at org.scalatest.FlatSpecLike.runTests(FlatSpecLike.scala:1750)
	at org.scalatest.FlatSpecLike.runTests$(FlatSpecLike.scala:1749)
	at org.scalatest.FlatSpec.runTests(FlatSpec.scala:1685)
	at org.scalatest.Suite.run(Suite.scala:1147)
	at org.scalatest.Suite.run$(Suite.scala:1129)
	at org.scalatest.FlatSpec.org$scalatest$FlatSpecLike$$super$run(FlatSpec.scala:1685)
	at org.scalatest.FlatSpecLike.$anonfun$run$1(FlatSpecLike.scala:1795)
	at org.scalatest.SuperEngine.runImpl(Engine.scala:521)
	at org.scalatest.FlatSpecLike.run(FlatSpecLike.scala:1795)
	at org.scalatest.FlatSpecLike.run$(FlatSpecLike.scala:1793)
	at org.scalatest.FlatSpec.run(FlatSpec.scala:1685)
	at org.scalatest.tools.Framework.org$scalatest$tools$Framework$$runSuite(Framework.scala:314)
	at org.scalatest.tools.Framework$ScalaTestTask.execute(Framework.scala:507)
	at sbt.TestRunner.runTest$1(TestFramework.scala:106)
	at sbt.TestRunner.run(TestFramework.scala:117)
	at sbt.TestFramework$$anon$2$$anonfun$$lessinit$greater$1.$anonfun$apply$1(TestFramework.scala:262)
	at sbt.TestFramework$.sbt$TestFramework$$withContextLoader(TestFramework.scala:233)
	at sbt.TestFramework$$anon$2$$anonfun$$lessinit$greater$1.apply(TestFramework.scala:262)
	at sbt.TestFramework$$anon$2$$anonfun$$lessinit$greater$1.apply(TestFramework.scala:262)
	at sbt.TestFunction.apply(TestFramework.scala:271)
	at sbt.Tests$.$anonfun$toTask$1(Tests.scala:281)
	at sbt.std.Transform$$anon$3.$anonfun$apply$2(System.scala:46)
	at sbt.std.Transform$$anon$4.work(System.scala:66)
	at sbt.Execute.$anonfun$submit$2(Execute.scala:262)
	at sbt.internal.util.ErrorHandling$.wideConvert(ErrorHandling.scala:16)
	at sbt.Execute.work(Execute.scala:271)
	at sbt.Execute.$anonfun$submit$1(Execute.scala:262)
	at sbt.ConcurrentRestrictions$$anon$4.$anonfun$submitValid$1(ConcurrentRestrictions.scala:174)
	at sbt.CompletionService$$anon$2.call(CompletionService.scala:36)
	at java.util.concurrent.FutureTask.run(Unknown Source)
	at java.util.concurrent.Executors$RunnableAdapter.call(Unknown Source)
	at java.util.concurrent.FutureTask.run(Unknown Source)
	at java.util.concurrent.ThreadPoolExecutor.runWorker(Unknown Source)
	at java.util.concurrent.ThreadPoolExecutor$Worker.run(Unknown Source)
	at java.lang.Thread.run(Unknown Source)
</failure>
                                               </testcase><testcase classname="org.argus.jawa.summary.wu.TaintWuTest" name="caller8:()V" time="1.359">
                                                 
                                               </testcase>
                     <system-out><![CDATA[]]></system-out>
                     <system-err><![CDATA[]]></system-err>
                   </testsuite>