<?xml version='1.0' encoding='UTF-8'?>
<testsuite hostname="DESKTOP-ML9U0NH" name="org.argus.jawa.summary.model.ClassSuTest" tests="61" errors="0" failures="0" skipped="0" time="0.064">
                     <properties>
[...]
</properties>
                     <testcase classname="org.argus.jawa.summary.model.ClassSuTest" name="asSubclass:(Ljava/lang/Class;)Ljava/lang/Class; should produce as expected" time="0.023">
                                                 
                                               </testcase><testcase classname="org.argus.jawa.summary.model.ClassSuTest" name="cast:(Ljava/lang/Object;)Ljava/lang/Object; should produce as expected" time="0.001">
                                                 
                                               </testcase><testcase classname="org.argus.jawa.summary.model.ClassSuTest" name="desiredAssertionStatus:()Z should produce as expected" time="0.0">
                                                 
                                               </testcase><testcase classname="org.argus.jawa.summary.model.ClassSuTest" name="forName:(Ljava/lang/String;)Ljava/lang/Class; should produce as expected" time="0.005">
                                                 
                                               </testcase><testcase classname="org.argus.jawa.summary.model.ClassSuTest" name="forName:(Ljava/lang/String;ZLjava/lang/ClassLoader;)Ljava/lang/Class; should produce as expected" time="0.0">
                                                 
                                               </testcase><testcase classname="org.argus.jawa.summary.model.ClassSuTest" name="getAnnotation:(Ljava/lang/Class;)Ljava/lang/annotation/Annotation; should produce as expected" time="0.001">
                                                 
                                               </testcase><testcase classname="org.argus.jawa.summary.model.ClassSuTest" name="getAnnotations:()[Ljava/lang/annotation/Annotation; should produce as expected" time="0.002">
                                                 
                                               </testcase><testcase classname="org.argus.jawa.summary.model.ClassSuTest" name="getCanonicalName:()Ljava/lang/String; should produce as expected" time="0.001">
                                                 
                                               </testcase><testcase classname="org.argus.jawa.summary.model.ClassSuTest" name="getClassLoader:()Ljava/lang/ClassLoader; should produce as expected" time="0.006">
                                                 
                                               </testcase><testcase classname="org.argus.jawa.summary.model.ClassSuTest" name="getClasses:()[Ljava/lang/Class; should produce as expected" time="0.002">
                                                 
                                               </testcase><testcase classname="org.argus.jawa.summary.model.ClassSuTest" name="getComponentType:()Ljava/lang/Class; should produce as expected" time="0.001">
                                                 
                                               </testcase><testcase classname="org.argus.jawa.summary.model.ClassSuTest" name="getConstructor:([Ljava/lang/Class;)Ljava/lang/reflect/Constructor; should produce as expected" time="0.0">
                                                 
                                               </testcase><testcase classname="org.argus.jawa.summary.model.ClassSuTest" name="getConstructors:()[Ljava/lang/reflect/Constructor; should produce as expected" time="0.001">
                                                 
                                               </testcase><testcase classname="org.argus.jawa.summary.model.ClassSuTest" name="getDeclaredAnnotations:()[Ljava/lang/annotation/Annotation; should produce as expected" time="0.001">
                                                 
                                               </testcase><testcase classname="org.argus.jawa.summary.model.ClassSuTest" name="getDeclaredClasses:()[Ljava/lang/Class; should produce as expected" time="0.001">
                                                 
                                               </testcase><testcase classname="org.argus.jawa.summary.model.ClassSuTest" name="getDeclaredConstructor:([Ljava/lang/Class;)Ljava/lang/reflect/Constructor; should produce as expected" time="0.001">
                                                 
                                               </testcase><testcase classname="org.argus.jawa.summary.model.ClassSuTest" name="getDeclaredConstructorOrMethod:(Ljava/lang/Class;Ljava/lang/String;[Ljava/lang/Class;)Ljava/lang/reflect/Member; should produce as expected" time="0.001">
                                                 
                                               </testcase><testcase classname="org.argus.jawa.summary.model.ClassSuTest" name="getDeclaredConstructors:()[Ljava/lang/reflect/Constructor; should produce as expected" time="0.0">
                                                 
                                               </testcase><testcase classname="org.argus.jawa.summary.model.ClassSuTest" name="getDeclaredField:(Ljava/lang/Class;Ljava/lang/String;)Ljava/lang/reflect/Field; should produce as expected" time="0.0">
                                                 
                                               </testcase><testcase classname="org.argus.jawa.summary.model.ClassSuTest" name="getDeclaredField:(Ljava/lang/String;)Ljava/lang/reflect/Field; should produce as expected" time="0.001">
                                                 
                                               </testcase><testcase classname="org.argus.jawa.summary.model.ClassSuTest" name="getDeclaredFields:()[Ljava/lang/reflect/Field; should produce as expected" time="0.0">
                                                 
                                               </testcase><testcase classname="org.argus.jawa.summary.model.ClassSuTest" name="getDeclaredFields:(Ljava/lang/Class;Z)[Ljava/lang/reflect/Field; should produce as expected" time="0.001">
                                                 
                                               </testcase><testcase classname="org.argus.jawa.summary.model.ClassSuTest" name="getDeclaredMethod:(Ljava/lang/String;[Ljava/lang/Class;)Ljava/lang/reflect/Method; should produce as expected" time="0.0">
                                                 
                                               </testcase><testcase classname="org.argus.jawa.summary.model.ClassSuTest" name="getDeclaredMethods:()[Ljava/lang/reflect/Method; should produce as expected" time="0.001">
                                                 
                                               </testcase><testcase classname="org.argus.jawa.summary.model.ClassSuTest" name="getDeclaredMethods:(Ljava/lang/Class;Z)[Ljava/lang/reflect/Method; should produce as expected" time="0.0">
                                                 
                                               </testcase><testcase classname="org.argus.jawa.summary.model.ClassSuTest" name="getDeclaringClass:()Ljava/lang/Class; should produce as expected" time="0.0">
                                                 
                                               </testcase><testcase classname="org.argus.jawa.summary.model.ClassSuTest" name="getEnclosingClass:()Ljava/lang/Class; should produce as expected" time="0.001">
                                                 
                                               </testcase><testcase classname="org.argus.jawa.summary.model.ClassSuTest" name="getEnclosingConstructor:()Ljava/lang/reflect/Constructor; should produce as expected" time="0.0">
                                                 
                                               </testcase><testcase classname="org.argus.jawa.summary.model.ClassSuTest" name="getEnclosingMethod:()Ljava/lang/reflect/Method; should produce as expected" time="0.001">
                                                 
                                               </testcase><testcase classname="org.argus.jawa.summary.model.ClassSuTest" name="getEnumConstants:()[Ljava/lang/Object; should produce as expected" time="0.0">
                                                 
                                               </testcase><testcase classname="org.argus.jawa.summary.model.ClassSuTest" name="getField:(Ljava/lang/String;)Ljava/lang/reflect/Field; should produce as expected" time="0.001">
                                                 
                                               </testcase><testcase classname="org.argus.jawa.summary.model.ClassSuTest" name="getFields:()[Ljava/lang/reflect/Field; should produce as expected" time="0.0">
                                                 
                                               </testcase><testcase classname="org.argus.jawa.summary.model.ClassSuTest" name="getGenericInterfaces:()[Ljava/lang/reflect/Type; should produce as expected" time="0.001">
                                                 
                                               </testcase><testcase classname="org.argus.jawa.summary.model.ClassSuTest" name="getGenericSuperclass:()Ljava/lang/reflect/Type; should produce as expected" time="0.001">
                                                 
                                               </testcase><testcase classname="org.argus.jawa.summary.model.ClassSuTest" name="getInterfaces:()[Ljava/lang/Class; should produce as expected" time="0.001">
                                                 
                                               </testcase><testcase classname="org.argus.jawa.summary.model.ClassSuTest" name="getMethod:(Ljava/lang/String;[Ljava/lang/Class;)Ljava/lang/reflect/Method; should produce as expected" time="0.001">
                                                 
                                               </testcase><testcase classname="org.argus.jawa.summary.model.ClassSuTest" name="getMethods:()[Ljava/lang/reflect/Method; should produce as expected" time="0.0">
                                                 
                                               </testcase><testcase classname="org.argus.jawa.summary.model.ClassSuTest" name="getModifiers:()I should produce as expected" time="0.0">
                                                 
                                               </testcase><testcase classname="org.argus.jawa.summary.model.ClassSuTest" name="getName:()Ljava/lang/String; should produce as expected" time="0.001">
                                                 
                                               </testcase><testcase classname="org.argus.jawa.summary.model.ClassSuTest" name="getPackage:()Ljava/lang/Package; should produce as expected" time="0.0">
                                                 
                                               </testcase><testcase classname="org.argus.jawa.summary.model.ClassSuTest" name="getProtectionDomain:()Ljava/security/ProtectionDomain; should produce as expected" time="0.0">
                                                 
                                               </testcase><testcase classname="org.argus.jawa.summary.model.ClassSuTest" name="getResource:(Ljava/lang/String;)Ljava/net/URL; should produce as expected" time="0.001">
                                                 
                                               </testcase><testcase classname="org.argus.jawa.summary.model.ClassSuTest" name="getResourceAsStream:(Ljava/lang/String;)Ljava/io/InputStream; should produce as expected" time="0.0">
                                                 
                                               </testcase><testcase classname="org.argus.jawa.summary.model.ClassSuTest" name="getSigners:()[Ljava/lang/Object; should produce as expected" time="0.001">
                                                 
                                               </testcase><testcase classname="org.argus.jawa.summary.model.ClassSuTest" name="getSimpleName:()Ljava/lang/String; should produce as expected" time="0.0">
                                                 
                                               </testcase><testcase classname="org.argus.jawa.summary.model.ClassSuTest" name="getSuperclass:()Ljava/lang/Class; should produce as expected" time="0.0">
                                                 
                                               </testcase><testcase classname="org.argus.jawa.summary.model.ClassSuTest" name="getTypeParameters:()[Ljava/lang/reflect/TypeVariable; should produce as expected" time="0.0">
                                                 
                                               </testcase><testcase classname="org.argus.jawa.summary.model.ClassSuTest" name="isAnnotation:()Z should produce as expected" time="0.0">
                                                 
                                               </testcase><testcase classname="org.argus.jawa.summary.model.ClassSuTest" name="isAnnotationPresent:(Ljava/lang/Class;)Z should produce as expected" time="0.0">
                                                 
                                               </testcase><testcase classname="org.argus.jawa.summary.model.ClassSuTest" name="isAnonymousClass:()Z should produce as expected" time="0.0">
                                                 
                                               </testcase><testcase classname="org.argus.jawa.summary.model.ClassSuTest" name="isArray:()Z should produce as expected" time="0.0">
                                                 
                                               </testcase><testcase classname="org.argus.jawa.summary.model.ClassSuTest" name="isAssignableFrom:(Ljava/lang/Class;)Z should produce as expected" time="0.0">
                                                 
                                               </testcase><testcase classname="org.argus.jawa.summary.model.ClassSuTest" name="isEnum:()Z should produce as expected" time="0.0">
                                                 
                                               </testcase><testcase classname="org.argus.jawa.summary.model.ClassSuTest" name="isInstance:(Ljava/lang/Object;)Z should produce as expected" time="0.0">
                                                 
                                               </testcase><testcase classname="org.argus.jawa.summary.model.ClassSuTest" name="isInterface:()Z should produce as expected" time="0.0">
                                                 
                                               </testcase><testcase classname="org.argus.jawa.summary.model.ClassSuTest" name="isLocalClass:()Z should produce as expected" time="0.0">
                                                 
                                               </testcase><testcase classname="org.argus.jawa.summary.model.ClassSuTest" name="isMemberClass:()Z should produce as expected" time="0.001">
                                                 
                                               </testcase><testcase classname="org.argus.jawa.summary.model.ClassSuTest" name="isPrimitive:()Z should produce as expected" time="0.0">
                                                 
                                               </testcase><testcase classname="org.argus.jawa.summary.model.ClassSuTest" name="isSynthetic:()Z should produce as expected" time="0.001">
                                                 
                                               </testcase><testcase classname="org.argus.jawa.summary.model.ClassSuTest" name="newInstance:()Ljava/lang/Object; should produce as expected" time="0.001">
                                                 
                                               </testcase><testcase classname="org.argus.jawa.summary.model.ClassSuTest" name="toString:()Ljava/lang/String; should produce as expected" time="0.001">
                                                 
                                               </testcase>
                     <system-out><![CDATA[]]></system-out>
                     <system-err><![CDATA[]]></system-err>
                   </testsuite>