<?xml version='1.0' encoding='UTF-8'?>
<testsuite hostname="DESKTOP-ML9U0NH" name="org.argus.jawa.compiler.lexer.JawaLexerTest" tests="70" errors="0" failures="0" skipped="0" time="0.652">
                     <properties>
[...]
</properties>
                     <testcase classname="org.argus.jawa.compiler.lexer.JawaLexerTest" name="should tokenise &gt;&gt;&gt;&lt;&lt;&lt; as &gt;&gt;&gt;List()&lt;&lt;&lt;" time="0.007">
                                                 
                                               </testcase><testcase classname="org.argus.jawa.compiler.lexer.JawaLexerTest" name="should tokenise &gt;&gt;&gt;`format`&lt;&lt;&lt; as &gt;&gt;&gt;List(ID)&lt;&lt;&lt;" time="0.0">
                                                 
                                               </testcase><testcase classname="org.argus.jawa.compiler.lexer.JawaLexerTest" name="should tokenise &gt;&gt;&gt;`format`;`format`&lt;&lt;&lt; as &gt;&gt;&gt;List(ID, SEMI, ID)&lt;&lt;&lt;" time="0.0">
                                                 
                                               </testcase><testcase classname="org.argus.jawa.compiler.lexer.JawaLexerTest" name="should tokenise &gt;&gt;&gt;||&lt;&lt;&lt; as &gt;&gt;&gt;List(OP)&lt;&lt;&lt;" time="0.0">
                                                 
                                               </testcase><testcase classname="org.argus.jawa.compiler.lexer.JawaLexerTest" name="should tokenise &gt;&gt;&gt;:=&lt;&lt;&lt; as &gt;&gt;&gt;List(ASSIGN_OP)&lt;&lt;&lt;" time="0.0">
                                                 
                                               </testcase><testcase classname="org.argus.jawa.compiler.lexer.JawaLexerTest" name="should tokenise &gt;&gt;&gt;^~&lt;&lt;&lt; as &gt;&gt;&gt;List(OP)&lt;&lt;&lt;" time="0.0">
                                                 
                                               </testcase><testcase classname="org.argus.jawa.compiler.lexer.JawaLexerTest" name="should tokenise &gt;&gt;&gt;v0/2&lt;&lt;&lt; as &gt;&gt;&gt;List(ID, OP, INTEGER_LITERAL)&lt;&lt;&lt;" time="0.002">
                                                 
                                               </testcase><testcase classname="org.argus.jawa.compiler.lexer.JawaLexerTest" name="should tokenise &gt;&gt;&gt;record&lt;&lt;&lt; as &gt;&gt;&gt;List(CLASS_OR_INTERFACE)&lt;&lt;&lt;" time="0.001">
                                                 
                                               </testcase><testcase classname="org.argus.jawa.compiler.lexer.JawaLexerTest" name="should tokenise &gt;&gt;&gt;procedure&lt;&lt;&lt; as &gt;&gt;&gt;List(METHOD)&lt;&lt;&lt;" time="0.001">
                                                 
                                               </testcase><testcase classname="org.argus.jawa.compiler.lexer.JawaLexerTest" name="should tokenise &gt;&gt;&gt;foo  bar   baz&lt;&lt;&lt; as &gt;&gt;&gt;List(ID, WS, ID, WS, ID)&lt;&lt;&lt;" time="0.0">
                                                 
                                               </testcase><testcase classname="org.argus.jawa.compiler.lexer.JawaLexerTest" name="should tokenise &gt;&gt;&gt;  &lt;&lt;&lt; as &gt;&gt;&gt;List(WS)&lt;&lt;&lt;" time="0.0">
                                                 
                                               </testcase><testcase classname="org.argus.jawa.compiler.lexer.JawaLexerTest" name="should tokenise &gt;&gt;&gt;// comment&lt;&lt;&lt; as &gt;&gt;&gt;List(LINE_COMMENT)&lt;&lt;&lt;" time="0.001">
                                                 
                                               </testcase><testcase classname="org.argus.jawa.compiler.lexer.JawaLexerTest" name="should tokenise &gt;&gt;&gt;//&lt;&lt;&lt; as &gt;&gt;&gt;List(LINE_COMMENT)&lt;&lt;&lt;" time="0.0">
                                                 
                                               </testcase><testcase classname="org.argus.jawa.compiler.lexer.JawaLexerTest" name="should tokenise &gt;&gt;&gt;foo// comment&lt;&lt;&lt; as &gt;&gt;&gt;List(ID, LINE_COMMENT)&lt;&lt;&lt;" time="0.001">
                                                 
                                               </testcase><testcase classname="org.argus.jawa.compiler.lexer.JawaLexerTest" name="should tokenise &gt;&gt;&gt;foo // comment&lt;&lt;&lt; as &gt;&gt;&gt;List(ID, WS, LINE_COMMENT)&lt;&lt;&lt;" time="0.0">
                                                 
                                               </testcase><testcase classname="org.argus.jawa.compiler.lexer.JawaLexerTest" name="should tokenise &gt;&gt;&gt;foo// comment
    abc//comment&lt;&lt;&lt; as &gt;&gt;&gt;List(ID, LINE_COMMENT, WS, ID, LINE_COMMENT)&lt;&lt;&lt;" time="0.001">
                                                 
                                               </testcase><testcase classname="org.argus.jawa.compiler.lexer.JawaLexerTest" name="should tokenise &gt;&gt;&gt;foo/* comment */bar&lt;&lt;&lt; as &gt;&gt;&gt;List(ID, MULTILINE_COMMENT, ID)&lt;&lt;&lt;" time="0.001">
                                                 
                                               </testcase><testcase classname="org.argus.jawa.compiler.lexer.JawaLexerTest" name="should tokenise &gt;&gt;&gt;/* bar var */&lt;&lt;&lt; as &gt;&gt;&gt;List(MULTILINE_COMMENT)&lt;&lt;&lt;" time="0.0">
                                                 
                                               </testcase><testcase classname="org.argus.jawa.compiler.lexer.JawaLexerTest" name="should tokenise &gt;&gt;&gt;/**/&lt;&lt;&lt; as &gt;&gt;&gt;List(MULTILINE_COMMENT)&lt;&lt;&lt;" time="0.001">
                                                 
                                               </testcase><testcase classname="org.argus.jawa.compiler.lexer.JawaLexerTest" name="should tokenise &gt;&gt;&gt;/***/&lt;&lt;&lt; as &gt;&gt;&gt;List(DOC_COMMENT)&lt;&lt;&lt;" time="0.0">
                                                 
                                               </testcase><testcase classname="org.argus.jawa.compiler.lexer.JawaLexerTest" name="should tokenise &gt;&gt;&gt;/** asdf */&lt;&lt;&lt; as &gt;&gt;&gt;List(DOC_COMMENT)&lt;&lt;&lt;" time="0.001">
                                                 
                                               </testcase><testcase classname="org.argus.jawa.compiler.lexer.JawaLexerTest" name="should tokenise &gt;&gt;&gt;`yield`&lt;&lt;&lt; as &gt;&gt;&gt;List(ID)&lt;&lt;&lt;" time="0.0">
                                                 
                                               </testcase><testcase classname="org.argus.jawa.compiler.lexer.JawaLexerTest" name="should tokenise &gt;&gt;&gt;&quot;foobar&quot;&lt;&lt;&lt; as &gt;&gt;&gt;List(STRING_LITERAL)&lt;&lt;&lt;" time="0.001">
                                                 
                                               </testcase><testcase classname="org.argus.jawa.compiler.lexer.JawaLexerTest" name="should tokenise &gt;&gt;&gt;`@@global`&lt;&lt;&lt; as &gt;&gt;&gt;List(STATIC_ID)&lt;&lt;&lt;" time="0.0">
                                                 
                                               </testcase><testcase classname="org.argus.jawa.compiler.lexer.JawaLexerTest" name="should tokenise &gt;&gt;&gt;@@global&lt;&lt;&lt; as &gt;&gt;&gt;List(STATIC_ID)&lt;&lt;&lt;" time="0.001">
                                                 
                                               </testcase><testcase classname="org.argus.jawa.compiler.lexer.JawaLexerTest" name="should tokenise &gt;&gt;&gt;&quot;&quot;&quot;f&quot;o&quot;o&quot;&quot;&quot;&lt;&lt;&lt; as &gt;&gt;&gt;List(STRING_LITERAL)&lt;&lt;&lt;" time="0.0">
                                                 
                                               </testcase><testcase classname="org.argus.jawa.compiler.lexer.JawaLexerTest" name="should tokenise &gt;&gt;&gt;&quot;\&quot;&quot;&lt;&lt;&lt; as &gt;&gt;&gt;List(STRING_LITERAL)&lt;&lt;&lt;" time="0.001">
                                                 
                                               </testcase><testcase classname="org.argus.jawa.compiler.lexer.JawaLexerTest" name="baz()&lt;&lt;&lt; as &gt;&gt;&gt;List(ID, DOT, ID, DOT, ID, LPAREN, RPAREN)&lt;&lt;&lt;" time="0.0">
                                                 
                                               </testcase><testcase classname="org.argus.jawa.compiler.lexer.JawaLexerTest" name="1234&lt;&lt;&lt; as &gt;&gt;&gt;List(FLOATING_POINT_LITERAL)&lt;&lt;&lt;" time="0.615">
                                                 
                                               </testcase><testcase classname="org.argus.jawa.compiler.lexer.JawaLexerTest" name="1234e2&lt;&lt;&lt; as &gt;&gt;&gt;List(FLOATING_POINT_LITERAL)&lt;&lt;&lt;" time="0.001">
                                                 
                                               </testcase><testcase classname="org.argus.jawa.compiler.lexer.JawaLexerTest" name="1234e+2&lt;&lt;&lt; as &gt;&gt;&gt;List(FLOATING_POINT_LITERAL)&lt;&lt;&lt;" time="0.0">
                                                 
                                               </testcase><testcase classname="org.argus.jawa.compiler.lexer.JawaLexerTest" name="1e-2&lt;&lt;&lt; as &gt;&gt;&gt;List(FLOATING_POINT_LITERAL)&lt;&lt;&lt;" time="0.0">
                                                 
                                               </testcase><testcase classname="org.argus.jawa.compiler.lexer.JawaLexerTest" name="1e+2345f&lt;&lt;&lt; as &gt;&gt;&gt;List(FLOATING_POINT_LITERAL)&lt;&lt;&lt;" time="0.0">
                                                 
                                               </testcase><testcase classname="org.argus.jawa.compiler.lexer.JawaLexerTest" name="1e+2345d&lt;&lt;&lt; as &gt;&gt;&gt;List(FLOATING_POINT_LITERAL)&lt;&lt;&lt;" time="0.0">
                                                 
                                               </testcase><testcase classname="org.argus.jawa.compiler.lexer.JawaLexerTest" name="should tokenise &gt;&gt;&gt;100&lt;&lt;&lt; as &gt;&gt;&gt;List(INTEGER_LITERAL)&lt;&lt;&lt;" time="0.0">
                                                 
                                               </testcase><testcase classname="org.argus.jawa.compiler.lexer.JawaLexerTest" name="should tokenise &gt;&gt;&gt;1&lt;&lt;&lt; as &gt;&gt;&gt;List(INTEGER_LITERAL)&lt;&lt;&lt;" time="0.0">
                                                 
                                               </testcase><testcase classname="org.argus.jawa.compiler.lexer.JawaLexerTest" name="should tokenise &gt;&gt;&gt;1L&lt;&lt;&lt; as &gt;&gt;&gt;List(INTEGER_LITERAL)&lt;&lt;&lt;" time="0.0">
                                                 
                                               </testcase><testcase classname="org.argus.jawa.compiler.lexer.JawaLexerTest" name="should tokenise &gt;&gt;&gt;0&lt;&lt;&lt; as &gt;&gt;&gt;List(INTEGER_LITERAL)&lt;&lt;&lt;" time="0.001">
                                                 
                                               </testcase><testcase classname="org.argus.jawa.compiler.lexer.JawaLexerTest" name="should tokenise &gt;&gt;&gt;0L&lt;&lt;&lt; as &gt;&gt;&gt;List(INTEGER_LITERAL)&lt;&lt;&lt;" time="0.0">
                                                 
                                               </testcase><testcase classname="org.argus.jawa.compiler.lexer.JawaLexerTest" name="should tokenise &gt;&gt;&gt;0x2345&lt;&lt;&lt; as &gt;&gt;&gt;List(INTEGER_LITERAL)&lt;&lt;&lt;" time="0.0">
                                                 
                                               </testcase><testcase classname="org.argus.jawa.compiler.lexer.JawaLexerTest" name="should tokenise &gt;&gt;&gt;0x1&lt;&lt;&lt; as &gt;&gt;&gt;List(INTEGER_LITERAL)&lt;&lt;&lt;" time="0.0">
                                                 
                                               </testcase><testcase classname="org.argus.jawa.compiler.lexer.JawaLexerTest" name="should tokenise &gt;&gt;&gt;0x32413L&lt;&lt;&lt; as &gt;&gt;&gt;List(INTEGER_LITERAL)&lt;&lt;&lt;" time="0.0">
                                                 
                                               </testcase><testcase classname="org.argus.jawa.compiler.lexer.JawaLexerTest" name="should tokenise &gt;&gt;&gt;#&lt;&lt;&lt; as &gt;&gt;&gt;List(LOCATION_ID)&lt;&lt;&lt;" time="0.001">
                                                 
                                               </testcase><testcase classname="org.argus.jawa.compiler.lexer.JawaLexerTest" name="&lt;&lt;&lt; as &gt;&gt;&gt;List(LOCATION_ID)&lt;&lt;&lt;" time="0.0">
                                                 
                                               </testcase><testcase classname="org.argus.jawa.compiler.lexer.JawaLexerTest" name="1234&lt;&lt;&lt; as &gt;&gt;&gt;List(FLOATING_POINT_LITERAL)&lt;&lt;&lt;" time="0.0">
                                                 
                                               </testcase><testcase classname="org.argus.jawa.compiler.lexer.JawaLexerTest" name="1234e2&lt;&lt;&lt; as &gt;&gt;&gt;List(FLOATING_POINT_LITERAL)&lt;&lt;&lt;" time="0.001">
                                                 
                                               </testcase><testcase classname="org.argus.jawa.compiler.lexer.JawaLexerTest" name="1234e+2&lt;&lt;&lt; as &gt;&gt;&gt;List(FLOATING_POINT_LITERAL)&lt;&lt;&lt;" time="0.0">
                                                 
                                               </testcase><testcase classname="org.argus.jawa.compiler.lexer.JawaLexerTest" name="1e-2&lt;&lt;&lt; as &gt;&gt;&gt;List(FLOATING_POINT_LITERAL)&lt;&lt;&lt;" time="0.0">
                                                 
                                               </testcase><testcase classname="org.argus.jawa.compiler.lexer.JawaLexerTest" name="1e+2345f&lt;&lt;&lt; as &gt;&gt;&gt;List(FLOATING_POINT_LITERAL)&lt;&lt;&lt;" time="0.0">
                                                 
                                               </testcase><testcase classname="org.argus.jawa.compiler.lexer.JawaLexerTest" name="1e+2345d&lt;&lt;&lt; as &gt;&gt;&gt;List(FLOATING_POINT_LITERAL)&lt;&lt;&lt;" time="0.0">
                                                 
                                               </testcase><testcase classname="org.argus.jawa.compiler.lexer.JawaLexerTest" name="should tokenise &gt;&gt;&gt;10e2&lt;&lt;&lt; as &gt;&gt;&gt;List(FLOATING_POINT_LITERAL)&lt;&lt;&lt;" time="0.001">
                                                 
                                               </testcase><testcase classname="org.argus.jawa.compiler.lexer.JawaLexerTest" name="should tokenise &gt;&gt;&gt;10e+2&lt;&lt;&lt; as &gt;&gt;&gt;List(FLOATING_POINT_LITERAL)&lt;&lt;&lt;" time="0.0">
                                                 
                                               </testcase><testcase classname="org.argus.jawa.compiler.lexer.JawaLexerTest" name="should tokenise &gt;&gt;&gt;10e-2&lt;&lt;&lt; as &gt;&gt;&gt;List(FLOATING_POINT_LITERAL)&lt;&lt;&lt;" time="0.0">
                                                 
                                               </testcase><testcase classname="org.argus.jawa.compiler.lexer.JawaLexerTest" name="should tokenise &gt;&gt;&gt;10e+2345f&lt;&lt;&lt; as &gt;&gt;&gt;List(FLOATING_POINT_LITERAL)&lt;&lt;&lt;" time="0.0">
                                                 
                                               </testcase><testcase classname="org.argus.jawa.compiler.lexer.JawaLexerTest" name="should tokenise &gt;&gt;&gt;10e+2345d&lt;&lt;&lt; as &gt;&gt;&gt;List(FLOATING_POINT_LITERAL)&lt;&lt;&lt;" time="0.0">
                                                 
                                               </testcase><testcase classname="org.argus.jawa.compiler.lexer.JawaLexerTest" name="should tokenise &gt;&gt;&gt;'f'&lt;&lt;&lt; as &gt;&gt;&gt;List(CHARACTER_LITERAL)&lt;&lt;&lt;" time="0.0">
                                                 
                                               </testcase><testcase classname="org.argus.jawa.compiler.lexer.JawaLexerTest" name="should tokenise &gt;&gt;&gt;'\n'&lt;&lt;&lt; as &gt;&gt;&gt;List(CHARACTER_LITERAL)&lt;&lt;&lt;" time="0.001">
                                                 
                                               </testcase><testcase classname="org.argus.jawa.compiler.lexer.JawaLexerTest" name="should tokenise &gt;&gt;&gt;'\025'&lt;&lt;&lt; as &gt;&gt;&gt;List(CHARACTER_LITERAL)&lt;&lt;&lt;" time="0.0">
                                                 
                                               </testcase><testcase classname="org.argus.jawa.compiler.lexer.JawaLexerTest" name=" tokenTextBuffer:= new StringBuilder&lt;&lt;&lt; as &gt;&gt;&gt;List(LOCATION_ID, WS, ID, ASSIGN_OP, WS, NEW, WS, ID)&lt;&lt;&lt;" time="0.0">
                                                 
                                               </testcase><testcase classname="org.argus.jawa.compiler.lexer.JawaLexerTest" name=" lcmp(v0, v1);&lt;&lt;&lt; as &gt;&gt;&gt;List(LOCATION_ID, WS, CMP, LPAREN, ID, COMMA, WS, ID, RPAREN, SEMI)&lt;&lt;&lt;" time="0.0">
                                                 
                                               </testcase><testcase classname="org.argus.jawa.compiler.lexer.JawaLexerTest" name="should tokenise &gt;&gt;&gt;println(&quot;bob&quot;)
println(&quot;foo&quot;)&lt;&lt;&lt; as &gt;&gt;&gt;List(ID, LPAREN, STRING_LITERAL, RPAREN, WS, ID, LPAREN, STRING_LITERAL, RPAREN)&lt;&lt;&lt;" time="0.0">
                                                 
                                               </testcase><testcase classname="org.argus.jawa.compiler.lexer.JawaLexerTest" name="should tokenise &gt;&gt;&gt;&quot;\u0061&quot;&lt;&lt;&lt; as &gt;&gt;&gt;List(STRING_LITERAL)&lt;&lt;&lt;" time="0.001">
                                                 
                                               </testcase><testcase classname="org.argus.jawa.compiler.lexer.JawaLexerTest" name="should tokenise &gt;&gt;&gt;&quot;\u000a&quot;&lt;&lt;&lt; as &gt;&gt;&gt;List(STRING_LITERAL)&lt;&lt;&lt;" time="0.0">
                                                 
                                               </testcase><testcase classname="org.argus.jawa.compiler.lexer.JawaLexerTest" name="should tokenise &gt;&gt;&gt;0X1234&lt;&lt;&lt; as &gt;&gt;&gt;List(INTEGER_LITERAL)&lt;&lt;&lt;" time="0.001">
                                                 
                                               </testcase><testcase classname="org.argus.jawa.compiler.lexer.JawaLexerTest" name="should tokenise &gt;&gt;&gt;&quot;\u001A&quot;&lt;&lt;&lt; as &gt;&gt;&gt;List(STRING_LITERAL)&lt;&lt;&lt;" time="0.0">
                                                 
                                               </testcase><testcase classname="org.argus.jawa.compiler.lexer.JawaLexerTest" name="should tokenise &gt;&gt;&gt;&quot;&quot;&quot;\u001A&quot;&quot;&quot;&lt;&lt;&lt; as &gt;&gt;&gt;List(STRING_LITERAL)&lt;&lt;&lt;" time="0.001">
                                                 
                                               </testcase><testcase classname="org.argus.jawa.compiler.lexer.JawaLexerTest" name="should tokenise &gt;&gt;&gt;foo+\u0061+bar&lt;&lt;&lt; as &gt;&gt;&gt;List(ID, OP, ID, OP, ID)&lt;&lt;&lt;" time="0.0">
                                                 
                                               </testcase><testcase classname="org.argus.jawa.compiler.lexer.JawaLexerTest" name="max(2)&lt;&lt;&lt; as &gt;&gt;&gt;List(FLOATING_POINT_LITERAL, DOT, ID, LPAREN, INTEGER_LITERAL, RPAREN)&lt;&lt;&lt;" time="0.001">
                                                 
                                               </testcase><testcase classname="org.argus.jawa.compiler.lexer.JawaLexerTest" name="Lexer should throw a lexer exception" time="0.006">
                                                 
                                               </testcase><testcase classname="org.argus.jawa.compiler.lexer.JawaLexerTest" name="   return @void ;

   }
&lt;&lt;&lt; as &gt;&gt;&gt;List(WS, CLASS_OR_INTERFACE, WS, ID, WS, AT, ID, WS, ID, WS, AT, ID, WS, ID, WS, EXTENDS_AND_IMPLEMENTS, WS, ID, WS, AT, ID, WS, ID, WS, LBRACE, WS, ID, WS, ID, WS, AT, ID, WS, SEMI, WS, ID, WS, ID, WS, AT, ID, WS, SEMI, WS, RBRACE, WS, METHOD, WS, ID, WS, ID, WS, LPAREN, ID, WS, ID, WS, AT, ID, WS, ID, RPAREN, WS, AT, ID, WS, ID, WS, AT, ID, WS, ID, WS, LBRACE, WS, ID, WS, SEMI, WS, ID, SEMI, WS, LOCATION_ID, WS, ID, ASSIGN_OP, WS, INTEGER_LITERAL, WS, AT, ID, WS, ID, SEMI, WS, LOCATION_ID, WS, CALL, WS, ID, ASSIGN_OP, WS, ID, LPAREN, ID, RPAREN, WS, AT, ID, WS, ID, WS, AT, ID, WS, ID, SEMI, WS, LOCATION_ID, WS, ID, DOT, ID, WS, ASSIGN_OP, WS, ID, WS, AT, ID, WS, ID, SEMI, WS, LOCATION_ID, WS, ID, DOT, ID, WS, ASSIGN_OP, WS, ID, WS, AT, ID, WS, ID, SEMI, WS, LOCATION_ID, WS, RETURN, WS, AT, ID, WS, SEMI, WS, RBRACE, WS)&lt;&lt;&lt;" time="0.001">
                                                 
                                               </testcase>
                     <system-out><![CDATA[]]></system-out>
                     <system-err><![CDATA[]]></system-err>
                   </testsuite>