<?xml version='1.0' encoding='UTF-8'?>
<testsuite hostname="DESKTOP-ML9U0NH" name="org.argus.jawa.summary.model.StringBuilderTest" tests="57" errors="0" failures="0" skipped="0" time="0.768">
                     <properties>
[...]
</properties>
                     <testcase classname="org.argus.jawa.summary.model.StringBuilderTest" name="&lt;init&gt;:()V should produce as expected" time="0.001">
                                                 
                                               </testcase><testcase classname="org.argus.jawa.summary.model.StringBuilderTest" name="&lt;init&gt;:(I)V should produce as expected" time="0.001">
                                                 
                                               </testcase><testcase classname="org.argus.jawa.summary.model.StringBuilderTest" name="&lt;init&gt;:(Ljava/lang/CharSequence;)V should produce as expected" time="0.001">
                                                 
                                               </testcase><testcase classname="org.argus.jawa.summary.model.StringBuilderTest" name="&lt;init&gt;:(Ljava/lang/String;)V should produce as expected" time="0.001">
                                                 
                                               </testcase><testcase classname="org.argus.jawa.summary.model.StringBuilderTest" name="append:(C)Ljava/lang/Appendable; should produce as expected" time="0.001">
                                                 
                                               </testcase><testcase classname="org.argus.jawa.summary.model.StringBuilderTest" name="append:(C)Ljava/lang/StringBuilder; should produce as expected" time="0.0">
                                                 
                                               </testcase><testcase classname="org.argus.jawa.summary.model.StringBuilderTest" name="append:(D)Ljava/lang/StringBuilder; should produce as expected" time="0.001">
                                                 
                                               </testcase><testcase classname="org.argus.jawa.summary.model.StringBuilderTest" name="append:(F)Ljava/lang/StringBuilder; should produce as expected" time="0.001">
                                                 
                                               </testcase><testcase classname="org.argus.jawa.summary.model.StringBuilderTest" name="append:(I)Ljava/lang/StringBuilder; should produce as expected" time="0.001">
                                                 
                                               </testcase><testcase classname="org.argus.jawa.summary.model.StringBuilderTest" name="append:(J)Ljava/lang/StringBuilder; should produce as expected" time="0.001">
                                                 
                                               </testcase><testcase classname="org.argus.jawa.summary.model.StringBuilderTest" name="append:(Ljava/lang/CharSequence;)Ljava/lang/Appendable; should produce as expected" time="0.001">
                                                 
                                               </testcase><testcase classname="org.argus.jawa.summary.model.StringBuilderTest" name="append:(Ljava/lang/CharSequence;)Ljava/lang/StringBuilder; should produce as expected" time="0.0">
                                                 
                                               </testcase><testcase classname="org.argus.jawa.summary.model.StringBuilderTest" name="append:(Ljava/lang/CharSequence;II)Ljava/lang/Appendable; should produce as expected" time="0.0">
                                                 
                                               </testcase><testcase classname="org.argus.jawa.summary.model.StringBuilderTest" name="append:(Ljava/lang/CharSequence;II)Ljava/lang/StringBuilder; should produce as expected" time="0.0">
                                                 
                                               </testcase><testcase classname="org.argus.jawa.summary.model.StringBuilderTest" name="append:(Ljava/lang/Object;)Ljava/lang/StringBuilder; should produce as expected" time="0.001">
                                                 
                                               </testcase><testcase classname="org.argus.jawa.summary.model.StringBuilderTest" name="append:(Ljava/lang/String;)Ljava/lang/StringBuilder; should produce as expected" time="0.0">
                                                 
                                               </testcase><testcase classname="org.argus.jawa.summary.model.StringBuilderTest" name="append:(Ljava/lang/StringBuffer;)Ljava/lang/StringBuilder; should produce as expected" time="0.0">
                                                 
                                               </testcase><testcase classname="org.argus.jawa.summary.model.StringBuilderTest" name="append:(Z)Ljava/lang/StringBuilder; should produce as expected" time="0.0">
                                                 
                                               </testcase><testcase classname="org.argus.jawa.summary.model.StringBuilderTest" name="append:([C)Ljava/lang/StringBuilder; should produce as expected" time="0.001">
                                                 
                                               </testcase><testcase classname="org.argus.jawa.summary.model.StringBuilderTest" name="append:([CII)Ljava/lang/StringBuilder; should produce as expected" time="0.001">
                                                 
                                               </testcase><testcase classname="org.argus.jawa.summary.model.StringBuilderTest" name="appendCodePoint:(I)Ljava/lang/StringBuilder; should produce as expected" time="0.0">
                                                 
                                               </testcase><testcase classname="org.argus.jawa.summary.model.StringBuilderTest" name="capacity:()I should produce as expected" time="0.001">
                                                 
                                               </testcase><testcase classname="org.argus.jawa.summary.model.StringBuilderTest" name="charAt:(I)C should produce as expected" time="0.001">
                                                 
                                               </testcase><testcase classname="org.argus.jawa.summary.model.StringBuilderTest" name="codePointAt:(I)I should produce as expected" time="0.0">
                                                 
                                               </testcase><testcase classname="org.argus.jawa.summary.model.StringBuilderTest" name="codePointBefore:(I)I should produce as expected" time="0.0">
                                                 
                                               </testcase><testcase classname="org.argus.jawa.summary.model.StringBuilderTest" name="codePointCount:(II)I should produce as expected" time="0.001">
                                                 
                                               </testcase><testcase classname="org.argus.jawa.summary.model.StringBuilderTest" name="delete:(II)Ljava/lang/StringBuilder; should produce as expected" time="0.001">
                                                 
                                               </testcase><testcase classname="org.argus.jawa.summary.model.StringBuilderTest" name="deleteCharAt:(I)Ljava/lang/StringBuilder; should produce as expected" time="0.001">
                                                 
                                               </testcase><testcase classname="org.argus.jawa.summary.model.StringBuilderTest" name="ensureCapacity:(I)V should produce as expected" time="0.0">
                                                 
                                               </testcase><testcase classname="org.argus.jawa.summary.model.StringBuilderTest" name="getChars:(II[CI)V should produce as expected" time="0.0">
                                                 
                                               </testcase><testcase classname="org.argus.jawa.summary.model.StringBuilderTest" name="indexOf:(Ljava/lang/String;)I should produce as expected" time="0.0">
                                                 
                                               </testcase><testcase classname="org.argus.jawa.summary.model.StringBuilderTest" name="indexOf:(Ljava/lang/String;I)I should produce as expected" time="0.0">
                                                 
                                               </testcase><testcase classname="org.argus.jawa.summary.model.StringBuilderTest" name="insert:(IC)Ljava/lang/StringBuilder; should produce as expected" time="0.001">
                                                 
                                               </testcase><testcase classname="org.argus.jawa.summary.model.StringBuilderTest" name="insert:(ID)Ljava/lang/StringBuilder; should produce as expected" time="0.001">
                                                 
                                               </testcase><testcase classname="org.argus.jawa.summary.model.StringBuilderTest" name="insert:(IF)Ljava/lang/StringBuilder; should produce as expected" time="0.001">
                                                 
                                               </testcase><testcase classname="org.argus.jawa.summary.model.StringBuilderTest" name="insert:(II)Ljava/lang/StringBuilder; should produce as expected" time="0.0">
                                                 
                                               </testcase><testcase classname="org.argus.jawa.summary.model.StringBuilderTest" name="insert:(IJ)Ljava/lang/StringBuilder; should produce as expected" time="0.737">
                                                 
                                               </testcase><testcase classname="org.argus.jawa.summary.model.StringBuilderTest" name="insert:(ILjava/lang/CharSequence;)Ljava/lang/StringBuilder; should produce as expected" time="0.001">
                                                 
                                               </testcase><testcase classname="org.argus.jawa.summary.model.StringBuilderTest" name="insert:(ILjava/lang/CharSequence;II)Ljava/lang/StringBuilder; should produce as expected" time="0.001">
                                                 
                                               </testcase><testcase classname="org.argus.jawa.summary.model.StringBuilderTest" name="insert:(ILjava/lang/Object;)Ljava/lang/StringBuilder; should produce as expected" time="0.001">
                                                 
                                               </testcase><testcase classname="org.argus.jawa.summary.model.StringBuilderTest" name="insert:(ILjava/lang/String;)Ljava/lang/StringBuilder; should produce as expected" time="0.001">
                                                 
                                               </testcase><testcase classname="org.argus.jawa.summary.model.StringBuilderTest" name="insert:(IZ)Ljava/lang/StringBuilder; should produce as expected" time="0.001">
                                                 
                                               </testcase><testcase classname="org.argus.jawa.summary.model.StringBuilderTest" name="insert:(I[C)Ljava/lang/StringBuilder; should produce as expected" time="0.0">
                                                 
                                               </testcase><testcase classname="org.argus.jawa.summary.model.StringBuilderTest" name="insert:(I[CII)Ljava/lang/StringBuilder; should produce as expected" time="0.0">
                                                 
                                               </testcase><testcase classname="org.argus.jawa.summary.model.StringBuilderTest" name="lastIndexOf:(Ljava/lang/String;)I should produce as expected" time="0.001">
                                                 
                                               </testcase><testcase classname="org.argus.jawa.summary.model.StringBuilderTest" name="lastIndexOf:(Ljava/lang/String;I)I should produce as expected" time="0.0">
                                                 
                                               </testcase><testcase classname="org.argus.jawa.summary.model.StringBuilderTest" name="length:()I should produce as expected" time="0.0">
                                                 
                                               </testcase><testcase classname="org.argus.jawa.summary.model.StringBuilderTest" name="offsetByCodePoints:(II)I should produce as expected" time="0.0">
                                                 
                                               </testcase><testcase classname="org.argus.jawa.summary.model.StringBuilderTest" name="replace:(IILjava/lang/String;)Ljava/lang/StringBuilder; should produce as expected" time="0.001">
                                                 
                                               </testcase><testcase classname="org.argus.jawa.summary.model.StringBuilderTest" name="reverse:()Ljava/lang/StringBuilder; should produce as expected" time="0.001">
                                                 
                                               </testcase><testcase classname="org.argus.jawa.summary.model.StringBuilderTest" name="setCharAt:(IC)V should produce as expected" time="0.001">
                                                 
                                               </testcase><testcase classname="org.argus.jawa.summary.model.StringBuilderTest" name="setLength:(I)V should produce as expected" time="0.001">
                                                 
                                               </testcase><testcase classname="org.argus.jawa.summary.model.StringBuilderTest" name="subSequence:(II)Ljava/lang/CharSequence; should produce as expected" time="0.0">
                                                 
                                               </testcase><testcase classname="org.argus.jawa.summary.model.StringBuilderTest" name="substring:(I)Ljava/lang/String; should produce as expected" time="0.0">
                                                 
                                               </testcase><testcase classname="org.argus.jawa.summary.model.StringBuilderTest" name="substring:(II)Ljava/lang/String; should produce as expected" time="0.0">
                                                 
                                               </testcase><testcase classname="org.argus.jawa.summary.model.StringBuilderTest" name="toString:()Ljava/lang/String; should produce as expected" time="0.0">
                                                 
                                               </testcase><testcase classname="org.argus.jawa.summary.model.StringBuilderTest" name="trimToSize:()V should produce as expected" time="0.0">
                                                 
                                               </testcase>
                     <system-out><![CDATA[]]></system-out>
                     <system-err><![CDATA[]]></system-err>
                   </testsuite>