<?xml version='1.0' encoding='UTF-8'?>
<testsuite hostname="DESKTOP-ML9U0NH" name="org.argus.jawa.ast.classfile.DeBytecodeTest" tests="94" errors="0" failures="0" skipped="0" time="77.912">
                     <properties>
[...]
</properties>
                     <testcase classname="org.argus.jawa.ast.classfile.DeBytecodeTest" name="class should produce same result" time="0.353">
                                                 
                                               </testcase><testcase classname="org.argus.jawa.ast.classfile.DeBytecodeTest" name="class should produce same result" time="0.033">
                                                 
                                               </testcase><testcase classname="org.argus.jawa.ast.classfile.DeBytecodeTest" name="class should produce same result" time="0.06">
                                                 
                                               </testcase><testcase classname="org.argus.jawa.ast.classfile.DeBytecodeTest" name="class should produce same result" time="0.044">
                                                 
                                               </testcase><testcase classname="org.argus.jawa.ast.classfile.DeBytecodeTest" name="class should produce same result" time="0.06">
                                                 
                                               </testcase><testcase classname="org.argus.jawa.ast.classfile.DeBytecodeTest" name="class should produce same result" time="0.086">
                                                 
                                               </testcase><testcase classname="org.argus.jawa.ast.classfile.DeBytecodeTest" name="class should produce same result" time="0.084">
                                                 
                                               </testcase><testcase classname="org.argus.jawa.ast.classfile.DeBytecodeTest" name="class should produce same result" time="0.035">
                                                 
                                               </testcase><testcase classname="org.argus.jawa.ast.classfile.DeBytecodeTest" name="class should produce same result" time="0.15">
                                                 
                                               </testcase><testcase classname="org.argus.jawa.ast.classfile.DeBytecodeTest" name="class should produce same result" time="0.061">
                                                 
                                               </testcase><testcase classname="org.argus.jawa.ast.classfile.DeBytecodeTest" name="class should produce same result" time="0.126">
                                                 
                                               </testcase><testcase classname="org.argus.jawa.ast.classfile.DeBytecodeTest" name="class should produce same result" time="0.031">
                                                 
                                               </testcase><testcase classname="org.argus.jawa.ast.classfile.DeBytecodeTest" name="class should produce same result" time="0.051">
                                                 
                                               </testcase><testcase classname="org.argus.jawa.ast.classfile.DeBytecodeTest" name="class should produce same result" time="0.071">
                                                 
                                               </testcase><testcase classname="org.argus.jawa.ast.classfile.DeBytecodeTest" name="class should produce same result" time="0.112">
                                                 
                                               </testcase><testcase classname="org.argus.jawa.ast.classfile.DeBytecodeTest" name="class should produce same result" time="0.272">
                                                 
                                               </testcase><testcase classname="org.argus.jawa.ast.classfile.DeBytecodeTest" name="class should produce same result" time="0.033">
                                                 
                                               </testcase><testcase classname="org.argus.jawa.ast.classfile.DeBytecodeTest" name="class should produce same result" time="0.011">
                                                 
                                               </testcase><testcase classname="org.argus.jawa.ast.classfile.DeBytecodeTest" name="class should produce same result" time="0.035">
                                                 
                                               </testcase><testcase classname="org.argus.jawa.ast.classfile.DeBytecodeTest" name="class should produce same result" time="0.022">
                                                 
                                               </testcase><testcase classname="org.argus.jawa.ast.classfile.DeBytecodeTest" name="class should produce same result" time="0.012">
                                                 
                                               </testcase><testcase classname="org.argus.jawa.ast.classfile.DeBytecodeTest" name="class should produce same result" time="0.021">
                                                 
                                               </testcase><testcase classname="org.argus.jawa.ast.classfile.DeBytecodeTest" name="class should produce same result" time="0.012">
                                                 
                                               </testcase><testcase classname="org.argus.jawa.ast.classfile.DeBytecodeTest" name="class should produce same result" time="0.027">
                                                 
                                               </testcase><testcase classname="org.argus.jawa.ast.classfile.DeBytecodeTest" name="class should produce same result" time="0.021">
                                                 
                                               </testcase><testcase classname="org.argus.jawa.ast.classfile.DeBytecodeTest" name="class should produce same result" time="0.016">
                                                 
                                               </testcase><testcase classname="org.argus.jawa.ast.classfile.DeBytecodeTest" name="class should produce same result" time="0.085">
                                                 
                                               </testcase><testcase classname="org.argus.jawa.ast.classfile.DeBytecodeTest" name="class should produce same result" time="0.05">
                                                 
                                               </testcase><testcase classname="org.argus.jawa.ast.classfile.DeBytecodeTest" name="class should produce same result" time="0.019">
                                                 
                                               </testcase><testcase classname="org.argus.jawa.ast.classfile.DeBytecodeTest" name="class should produce same result" time="0.025">
                                                 
                                               </testcase><testcase classname="org.argus.jawa.ast.classfile.DeBytecodeTest" name="class should produce same result" time="0.255">
                                                 
                                               </testcase><testcase classname="org.argus.jawa.ast.classfile.DeBytecodeTest" name="class should produce same result" time="0.028">
                                                 
                                               </testcase><testcase classname="org.argus.jawa.ast.classfile.DeBytecodeTest" name="class should produce same result" time="0.019">
                                                 
                                               </testcase><testcase classname="org.argus.jawa.ast.classfile.DeBytecodeTest" name="class should produce same result" time="0.035">
                                                 
                                               </testcase><testcase classname="org.argus.jawa.ast.classfile.DeBytecodeTest" name="class should produce same result" time="0.032">
                                                 
                                               </testcase><testcase classname="org.argus.jawa.ast.classfile.DeBytecodeTest" name="class should produce same result" time="3.698">
                                                 
                                               </testcase><testcase classname="org.argus.jawa.ast.classfile.DeBytecodeTest" name="class should produce same result" time="0.011">
                                                 
                                               </testcase><testcase classname="org.argus.jawa.ast.classfile.DeBytecodeTest" name="class should produce same result" time="70.297">
                                                 
                                               </testcase><testcase classname="org.argus.jawa.ast.classfile.DeBytecodeTest" name="class should produce same result" time="0.023">
                                                 
                                               </testcase><testcase classname="org.argus.jawa.ast.classfile.DeBytecodeTest" name="class should produce same result" time="0.027">
                                                 
                                               </testcase><testcase classname="org.argus.jawa.ast.classfile.DeBytecodeTest" name="class should produce same result" time="0.028">
                                                 
                                               </testcase><testcase classname="org.argus.jawa.ast.classfile.DeBytecodeTest" name="class should produce same result" time="0.023">
                                                 
                                               </testcase><testcase classname="org.argus.jawa.ast.classfile.DeBytecodeTest" name="class should produce same result" time="0.029">
                                                 
                                               </testcase><testcase classname="org.argus.jawa.ast.classfile.DeBytecodeTest" name="class should produce same result" time="0.015">
                                                 
                                               </testcase><testcase classname="org.argus.jawa.ast.classfile.DeBytecodeTest" name="class should produce same result" time="0.026">
                                                 
                                               </testcase><testcase classname="org.argus.jawa.ast.classfile.DeBytecodeTest" name="class should produce same result" time="0.019">
                                                 
                                               </testcase><testcase classname="org.argus.jawa.ast.classfile.DeBytecodeTest" name="class should produce same result" time="0.036">
                                                 
                                               </testcase><testcase classname="org.argus.jawa.ast.classfile.DeBytecodeTest" name="class should produce same result" time="0.122">
                                                 
                                               </testcase><testcase classname="org.argus.jawa.ast.classfile.DeBytecodeTest" name="class should produce same result" time="0.057">
                                                 
                                               </testcase><testcase classname="org.argus.jawa.ast.classfile.DeBytecodeTest" name="class should produce same result" time="0.012">
                                                 
                                               </testcase><testcase classname="org.argus.jawa.ast.classfile.DeBytecodeTest" name="class should produce same result" time="0.028">
                                                 
                                               </testcase><testcase classname="org.argus.jawa.ast.classfile.DeBytecodeTest" name="class should produce same result" time="0.016">
                                                 
                                               </testcase><testcase classname="org.argus.jawa.ast.classfile.DeBytecodeTest" name="class should produce same result" time="0.011">
                                                 
                                               </testcase><testcase classname="org.argus.jawa.ast.classfile.DeBytecodeTest" name="class should produce same result" time="0.013">
                                                 
                                               </testcase><testcase classname="org.argus.jawa.ast.classfile.DeBytecodeTest" name="class should produce same result" time="0.013">
                                                 
                                               </testcase><testcase classname="org.argus.jawa.ast.classfile.DeBytecodeTest" name="class should produce same result" time="0.021">
                                                 
                                               </testcase><testcase classname="org.argus.jawa.ast.classfile.DeBytecodeTest" name="class should produce same result" time="0.009">
                                                 
                                               </testcase><testcase classname="org.argus.jawa.ast.classfile.DeBytecodeTest" name="class should produce same result" time="0.017">
                                                 
                                               </testcase><testcase classname="org.argus.jawa.ast.classfile.DeBytecodeTest" name="class should produce same result" time="0.012">
                                                 
                                               </testcase><testcase classname="org.argus.jawa.ast.classfile.DeBytecodeTest" name="class should produce same result" time="0.022">
                                                 
                                               </testcase><testcase classname="org.argus.jawa.ast.classfile.DeBytecodeTest" name="class should produce same result" time="0.064">
                                                 
                                               </testcase><testcase classname="org.argus.jawa.ast.classfile.DeBytecodeTest" name="class should produce same result" time="0.045">
                                                 
                                               </testcase><testcase classname="org.argus.jawa.ast.classfile.DeBytecodeTest" name="class should produce same result" time="0.032">
                                                 
                                               </testcase><testcase classname="org.argus.jawa.ast.classfile.DeBytecodeTest" name="class should produce same result" time="0.024">
                                                 
                                               </testcase><testcase classname="org.argus.jawa.ast.classfile.DeBytecodeTest" name="class should produce same result" time="0.016">
                                                 
                                               </testcase><testcase classname="org.argus.jawa.ast.classfile.DeBytecodeTest" name="class should produce same result" time="0.032">
                                                 
                                               </testcase><testcase classname="org.argus.jawa.ast.classfile.DeBytecodeTest" name="class should produce same result" time="0.025">
                                                 
                                               </testcase><testcase classname="org.argus.jawa.ast.classfile.DeBytecodeTest" name="class should produce same result" time="0.042">
                                                 
                                               </testcase><testcase classname="org.argus.jawa.ast.classfile.DeBytecodeTest" name="class should produce same result" time="0.012">
                                                 
                                               </testcase><testcase classname="org.argus.jawa.ast.classfile.DeBytecodeTest" name="class should produce same result" time="0.021">
                                                 
                                               </testcase><testcase classname="org.argus.jawa.ast.classfile.DeBytecodeTest" name="class should produce same result" time="0.017">
                                                 
                                               </testcase><testcase classname="org.argus.jawa.ast.classfile.DeBytecodeTest" name="class should produce same result" time="0.018">
                                                 
                                               </testcase><testcase classname="org.argus.jawa.ast.classfile.DeBytecodeTest" name="class should produce same result" time="0.013">
                                                 
                                               </testcase><testcase classname="org.argus.jawa.ast.classfile.DeBytecodeTest" name="class should produce same result" time="0.011">
                                                 
                                               </testcase><testcase classname="org.argus.jawa.ast.classfile.DeBytecodeTest" name="class should produce same result" time="0.032">
                                                 
                                               </testcase><testcase classname="org.argus.jawa.ast.classfile.DeBytecodeTest" name="class should produce same result" time="0.065">
                                                 
                                               </testcase><testcase classname="org.argus.jawa.ast.classfile.DeBytecodeTest" name="class should produce same result" time="0.015">
                                                 
                                               </testcase><testcase classname="org.argus.jawa.ast.classfile.DeBytecodeTest" name="class should produce same result" time="0.01">
                                                 
                                               </testcase><testcase classname="org.argus.jawa.ast.classfile.DeBytecodeTest" name="class should produce same result" time="0.034">
                                                 
                                               </testcase><testcase classname="org.argus.jawa.ast.classfile.DeBytecodeTest" name="class should produce same result" time="0.021">
                                                 
                                               </testcase><testcase classname="org.argus.jawa.ast.classfile.DeBytecodeTest" name="class should produce same result" time="0.028">
                                                 
                                               </testcase><testcase classname="org.argus.jawa.ast.classfile.DeBytecodeTest" name="class should throw AssertionError" time="0.012">
                                                 
                                               </testcase><testcase classname="org.argus.jawa.ast.classfile.DeBytecodeTest" name="class should produce same result" time="0.016">
                                                 
                                               </testcase><testcase classname="org.argus.jawa.ast.classfile.DeBytecodeTest" name="class should produce same result" time="0.018">
                                                 
                                               </testcase><testcase classname="org.argus.jawa.ast.classfile.DeBytecodeTest" name="class should produce same result" time="0.038">
                                                 
                                               </testcase><testcase classname="org.argus.jawa.ast.classfile.DeBytecodeTest" name="class should produce same result" time="0.025">
                                                 
                                               </testcase><testcase classname="org.argus.jawa.ast.classfile.DeBytecodeTest" name="class should produce same result" time="0.013">
                                                 
                                               </testcase><testcase classname="org.argus.jawa.ast.classfile.DeBytecodeTest" name="class should produce same result" time="0.011">
                                                 
                                               </testcase><testcase classname="org.argus.jawa.ast.classfile.DeBytecodeTest" name="class should produce same result" time="0.015">
                                                 
                                               </testcase><testcase classname="org.argus.jawa.ast.classfile.DeBytecodeTest" name="class should produce same result" time="0.021">
                                                 
                                               </testcase><testcase classname="org.argus.jawa.ast.classfile.DeBytecodeTest" name="class should produce same result" time="0.014">
                                                 
                                               </testcase><testcase classname="org.argus.jawa.ast.classfile.DeBytecodeTest" name="class should produce same result" time="0.012">
                                                 
                                               </testcase><testcase classname="org.argus.jawa.ast.classfile.DeBytecodeTest" name="class should produce same result" time="0.026">
                                                 
                                               </testcase><testcase classname="org.argus.jawa.ast.classfile.DeBytecodeTest" name="class should successfully decoded" time="0.142">
                                                 
                                               </testcase>
                     <system-out><![CDATA[]]></system-out>
                     <system-err><![CDATA[]]></system-err>
                   </testsuite>