<?xml version='1.0' encoding='UTF-8'?>
<testsuite hostname="DESKTOP-ML9U0NH" name="org.argus.jawa.summary.grammar.SafsuTest" tests="29" errors="0" failures="0" skipped="0" time="0.115">
                     <properties>
[...]
</properties>
                     <testcase classname="org.argus.jawa.summary.grammar.SafsuTest" name="Context;&lt;&lt;&lt; as &gt;&gt;&gt;List(17, 9, 17, 9, 17, 1, 17, 1, 17, 9, 17, 9, 17, 2)&lt;&lt;&lt;" time="0.05">
                                                 
                                               </testcase><testcase classname="org.argus.jawa.summary.grammar.SafsuTest" name="do:()V`&lt;&lt;&lt; as &gt;&gt;&gt;List(16)&lt;&lt;&lt;" time="0.0">
                                                 
                                               </testcase><testcase classname="org.argus.jawa.summary.grammar.SafsuTest" name="should tokenize &gt;&gt;&gt;arg:1&lt;&lt;&lt; as &gt;&gt;&gt;List(8, 1, 18)&lt;&lt;&lt;" time="0.0">
                                                 
                                               </testcase><testcase classname="org.argus.jawa.summary.grammar.SafsuTest" name="field2&lt;&lt;&lt; as &gt;&gt;&gt;List(8, 1, 18, 9, 17, 9, 17)&lt;&lt;&lt;" time="0.003">
                                                 
                                               </testcase><testcase classname="org.argus.jawa.summary.grammar.SafsuTest" name="should tokenize &gt;&gt;&gt;arg:1[]&lt;&lt;&lt; as &gt;&gt;&gt;List(8, 1, 18, 10)&lt;&lt;&lt;" time="0.001">
                                                 
                                               </testcase><testcase classname="org.argus.jawa.summary.grammar.SafsuTest" name="field2[]&lt;&lt;&lt; as &gt;&gt;&gt;List(8, 1, 18, 9, 17, 9, 17, 10)&lt;&lt;&lt;" time="0.0">
                                                 
                                               </testcase><testcase classname="org.argus.jawa.summary.grammar.SafsuTest" name="should tokenize &gt;&gt;&gt;ret&lt;&lt;&lt; as &gt;&gt;&gt;List(15)&lt;&lt;&lt;" time="0.0">
                                                 
                                               </testcase><testcase classname="org.argus.jawa.summary.grammar.SafsuTest" name="f1&lt;&lt;&lt; as &gt;&gt;&gt;List(15, 9, 17)&lt;&lt;&lt;" time="0.0">
                                                 
                                               </testcase><testcase classname="org.argus.jawa.summary.grammar.SafsuTest" name="Global`&lt;&lt;&lt; as &gt;&gt;&gt;List(16)&lt;&lt;&lt;" time="0.0">
                                                 
                                               </testcase><testcase classname="org.argus.jawa.summary.grammar.SafsuTest" name="f1[]&lt;&lt;&lt; as &gt;&gt;&gt;List(7, 9, 17, 10)&lt;&lt;&lt;" time="0.001">
                                                 
                                               </testcase><testcase classname="org.argus.jawa.summary.grammar.SafsuTest" name="Class&lt;&lt;&lt; as &gt;&gt;&gt;List(17, 9, 17, 9, 17)&lt;&lt;&lt;" time="0.001">
                                                 
                                               </testcase><testcase classname="org.argus.jawa.summary.grammar.SafsuTest" name="Class[]@L1005&lt;&lt;&lt; as &gt;&gt;&gt;List(17, 9, 17, 9, 17, 10, 11, 17)&lt;&lt;&lt;" time="0.001">
                                                 
                                               </testcase><testcase classname="org.argus.jawa.summary.grammar.SafsuTest" name="Class$InnerClass$InnerInnerClass@L1005&lt;&lt;&lt; as &gt;&gt;&gt;List(17, 9, 17, 9, 17, 13, 17, 13, 17, 11, 17)&lt;&lt;&lt;" time="0.0">
                                                 
                                               </testcase><testcase classname="org.argus.jawa.summary.grammar.SafsuTest" name="should tokenize &gt;&gt;&gt;arg:1=arg:2&lt;&lt;&lt; as &gt;&gt;&gt;List(8, 1, 18, 4, 8, 1, 18)&lt;&lt;&lt;" time="0.0">
                                                 
                                               </testcase><testcase classname="org.argus.jawa.summary.grammar.SafsuTest" name="should tokenize &gt;&gt;&gt;arg:1+=arg:2&lt;&lt;&lt; as &gt;&gt;&gt;List(8, 1, 18, 5, 8, 1, 18)&lt;&lt;&lt;" time="0.007">
                                                 
                                               </testcase><testcase classname="org.argus.jawa.summary.grammar.SafsuTest" name="should tokenize &gt;&gt;&gt;arg:1-=arg:2&lt;&lt;&lt; as &gt;&gt;&gt;List(8, 1, 18, 6, 8, 1, 18)&lt;&lt;&lt;" time="0.001">
                                                 
                                               </testcase><testcase classname="org.argus.jawa.summary.grammar.SafsuTest" name="Class@L1005&lt;&lt;&lt; as &gt;&gt;&gt;List(8, 1, 18, 4, 17, 9, 17, 9, 17, 11, 17)&lt;&lt;&lt;" time="0.0">
                                                 
                                               </testcase><testcase classname="org.argus.jawa.summary.grammar.SafsuTest" name="should tokenize &gt;&gt;&gt;~arg:1&lt;&lt;&lt; as &gt;&gt;&gt;List(3, 8, 1, 18)&lt;&lt;&lt;" time="0.0">
                                                 
                                               </testcase><testcase classname="org.argus.jawa.summary.grammar.SafsuTest" name="Class@~&lt;&lt;&lt; as &gt;&gt;&gt;List(8, 1, 18, 4, 17, 9, 17, 9, 17, 11, 3)&lt;&lt;&lt;" time="0.0">
                                                 
                                               </testcase><testcase classname="org.argus.jawa.summary.grammar.SafsuTest" name="should tokenize &gt;&gt;&gt;arg:1=&quot;string&quot;@L1&lt;&lt;&lt; as &gt;&gt;&gt;List(8, 1, 18, 4, 19, 11, 17)&lt;&lt;&lt;" time="0.001">
                                                 
                                               </testcase><testcase classname="org.argus.jawa.summary.grammar.SafsuTest" name="do:(LO1;LO2;)V`:arg:1=arg:2;&lt;&lt;&lt; as &gt;&gt;&gt;List(16, 1, 8, 1, 18, 4, 8, 1, 18, 2)&lt;&lt;&lt;" time="0.001">
                                                 
                                               </testcase><testcase classname="org.argus.jawa.summary.grammar.SafsuTest" name="Class?@L1005&lt;&lt;&lt; as &gt;&gt;&gt;List(8, 1, 18, 4, 17, 9, 17, 9, 17, 14, 11, 17)&lt;&lt;&lt;" time="0.001">
                                                 
                                               </testcase><testcase classname="org.argus.jawa.summary.grammar.SafsuTest" name="should tokenize &gt;&gt;&gt;classOf this&lt;&lt;&lt; as &gt;&gt;&gt;List(12, 21, 7)&lt;&lt;&lt;" time="0.001">
                                                 
                                               </testcase><testcase classname="org.argus.jawa.summary.grammar.SafsuTest" name="field
  arg:2=ret
;
  &lt;&lt;&lt; as &gt;&gt;&gt;List(16, 1, 21, 8, 1, 18, 5, 8, 1, 18, 21, 15, 4, 8, 1, 18, 9, 17, 21, 8, 1, 18, 4, 15, 21, 2, 21)&lt;&lt;&lt;" time="0.002">
                                                 
                                               </testcase><testcase classname="org.argus.jawa.summary.grammar.SafsuTest" name="should tokenize &gt;&gt;&gt;/* block comment
 */
  &lt;&lt;&lt; as &gt;&gt;&gt;List(22, 21)&lt;&lt;&lt;" time="0.001">
                                                 
                                               </testcase><testcase classname="org.argus.jawa.summary.grammar.SafsuTest" name="should tokenize &gt;&gt;&gt;/** Doc comment
  */
  &lt;&lt;&lt; as &gt;&gt;&gt;List(22, 21)&lt;&lt;&lt;" time="0.0">
                                                 
                                               </testcase><testcase classname="org.argus.jawa.summary.grammar.SafsuTest" name="should tokenize &gt;&gt;&gt;// line comment&lt;&lt;&lt; as &gt;&gt;&gt;List(23)&lt;&lt;&lt;" time="0.002">
                                                 
                                               </testcase><testcase classname="org.argus.jawa.summary.grammar.SafsuTest" name="Parser should not throw a parse exception on complete program" time="0.007">
                                                 
                                               </testcase><testcase classname="org.argus.jawa.summary.grammar.SafsuTest" name="Parser should throw a parse exception on bad program" time="0.034">
                                                 
                                               </testcase>
                     <system-out><![CDATA[]]></system-out>
                     <system-err><![CDATA[]]></system-err>
                   </testsuite>