<?xml version='1.0' encoding='UTF-8'?>
<testsuite hostname="DESKTOP-ML9U0NH" name="org.argus.amandroid.summary.model.IntentSuTest" tests="138" errors="0" failures="0" skipped="0" time="0.126">
                     <properties>
[...]
</properties>
                     <testcase classname="org.argus.amandroid.summary.model.IntentSuTest" name="&lt;clinit&gt;:()V should produce as expected" time="0.013">
                                                 
                                               </testcase><testcase classname="org.argus.amandroid.summary.model.IntentSuTest" name="&lt;init&gt;:()V should produce as expected" time="0.003">
                                                 
                                               </testcase><testcase classname="org.argus.amandroid.summary.model.IntentSuTest" name="&lt;init&gt;:(Landroid/content/Context;Ljava/lang/Class;)V should produce as expected" time="0.002">
                                                 
                                               </testcase><testcase classname="org.argus.amandroid.summary.model.IntentSuTest" name="&lt;init&gt;:(Landroid/content/Intent;)V should produce as expected" time="0.005">
                                                 
                                               </testcase><testcase classname="org.argus.amandroid.summary.model.IntentSuTest" name="&lt;init&gt;:(Ljava/lang/String;)V should produce as expected" time="0.001">
                                                 
                                               </testcase><testcase classname="org.argus.amandroid.summary.model.IntentSuTest" name="&lt;init&gt;:(Ljava/lang/String;Landroid/net/Uri;)V should produce as expected" time="0.001">
                                                 
                                               </testcase><testcase classname="org.argus.amandroid.summary.model.IntentSuTest" name="&lt;init&gt;:(Ljava/lang/String;Landroid/net/Uri;Landroid/content/Context;Ljava/lang/Class;)V should produce as expected" time="0.003">
                                                 
                                               </testcase><testcase classname="org.argus.amandroid.summary.model.IntentSuTest" name="addCategory:(Ljava/lang/String;)Landroid/content/Intent; should produce as expected" time="0.001">
                                                 
                                               </testcase><testcase classname="org.argus.amandroid.summary.model.IntentSuTest" name="addFlags:(I)Landroid/content/Intent; should produce as expected" time="0.0">
                                                 
                                               </testcase><testcase classname="org.argus.amandroid.summary.model.IntentSuTest" name="clone:()Ljava/lang/Object; should produce as expected" time="0.004">
                                                 
                                               </testcase><testcase classname="org.argus.amandroid.summary.model.IntentSuTest" name="cloneFilter:()Landroid/content/Intent; should produce as expected" time="0.003">
                                                 
                                               </testcase><testcase classname="org.argus.amandroid.summary.model.IntentSuTest" name="createChooser:(Landroid/content/Intent;Ljava/lang/CharSequence;)Landroid/content/Intent; should produce as expected" time="0.001">
                                                 
                                               </testcase><testcase classname="org.argus.amandroid.summary.model.IntentSuTest" name="describeContents:()I should produce as expected" time="0.001">
                                                 
                                               </testcase><testcase classname="org.argus.amandroid.summary.model.IntentSuTest" name="fillIn:(Landroid/content/Intent;I)I should produce as expected" time="0.003">
                                                 
                                               </testcase><testcase classname="org.argus.amandroid.summary.model.IntentSuTest" name="filterEquals:(Landroid/content/Intent;)Z should produce as expected" time="0.0">
                                                 
                                               </testcase><testcase classname="org.argus.amandroid.summary.model.IntentSuTest" name="filterHashCode:()I should produce as expected" time="0.0">
                                                 
                                               </testcase><testcase classname="org.argus.amandroid.summary.model.IntentSuTest" name="getAction:()Ljava/lang/String; should produce as expected" time="0.003">
                                                 
                                               </testcase><testcase classname="org.argus.amandroid.summary.model.IntentSuTest" name="getBooleanArrayExtra:(Ljava/lang/String;)[Z should produce as expected" time="0.012">
                                                 
                                               </testcase><testcase classname="org.argus.amandroid.summary.model.IntentSuTest" name="getBooleanExtra:(Ljava/lang/String;Z)Z should produce as expected" time="0.001">
                                                 
                                               </testcase><testcase classname="org.argus.amandroid.summary.model.IntentSuTest" name="getBundleExtra:(Ljava/lang/String;)Landroid/os/Bundle; should produce as expected" time="0.0">
                                                 
                                               </testcase><testcase classname="org.argus.amandroid.summary.model.IntentSuTest" name="getByteArrayExtra:(Ljava/lang/String;)[B should produce as expected" time="0.0">
                                                 
                                               </testcase><testcase classname="org.argus.amandroid.summary.model.IntentSuTest" name="getByteExtra:(Ljava/lang/String;B)B should produce as expected" time="0.003">
                                                 
                                               </testcase><testcase classname="org.argus.amandroid.summary.model.IntentSuTest" name="getCategories:()Ljava/util/Set; should produce as expected" time="0.001">
                                                 
                                               </testcase><testcase classname="org.argus.amandroid.summary.model.IntentSuTest" name="getCharArrayExtra:(Ljava/lang/String;)[C should produce as expected" time="0.001">
                                                 
                                               </testcase><testcase classname="org.argus.amandroid.summary.model.IntentSuTest" name="getCharExtra:(Ljava/lang/String;C)C should produce as expected" time="0.0">
                                                 
                                               </testcase><testcase classname="org.argus.amandroid.summary.model.IntentSuTest" name="getCharSequenceArrayExtra:(Ljava/lang/String;)[Ljava/lang/CharSequence; should produce as expected" time="0.001">
                                                 
                                               </testcase><testcase classname="org.argus.amandroid.summary.model.IntentSuTest" name="getCharSequenceArrayListExtra:(Ljava/lang/String;)Ljava/util/ArrayList; should produce as expected" time="0.001">
                                                 
                                               </testcase><testcase classname="org.argus.amandroid.summary.model.IntentSuTest" name="getCharSequenceExtra:(Ljava/lang/String;)Ljava/lang/CharSequence; should produce as expected" time="0.001">
                                                 
                                               </testcase><testcase classname="org.argus.amandroid.summary.model.IntentSuTest" name="getClipData:()Landroid/content/ClipData; should produce as expected" time="0.0">
                                                 
                                               </testcase><testcase classname="org.argus.amandroid.summary.model.IntentSuTest" name="getComponent:()Landroid/content/ComponentName; should produce as expected" time="0.001">
                                                 
                                               </testcase><testcase classname="org.argus.amandroid.summary.model.IntentSuTest" name="getData:()Landroid/net/Uri; should produce as expected" time="0.001">
                                                 
                                               </testcase><testcase classname="org.argus.amandroid.summary.model.IntentSuTest" name="getDataString:()Ljava/lang/String; should produce as expected" time="0.001">
                                                 
                                               </testcase><testcase classname="org.argus.amandroid.summary.model.IntentSuTest" name="getDoubleArrayExtra:(Ljava/lang/String;)[D should produce as expected" time="0.001">
                                                 
                                               </testcase><testcase classname="org.argus.amandroid.summary.model.IntentSuTest" name="getDoubleExtra:(Ljava/lang/String;D)D should produce as expected" time="0.001">
                                                 
                                               </testcase><testcase classname="org.argus.amandroid.summary.model.IntentSuTest" name="getExtra:(Ljava/lang/String;)Ljava/lang/Object; should produce as expected" time="0.001">
                                                 
                                               </testcase><testcase classname="org.argus.amandroid.summary.model.IntentSuTest" name="getExtra:(Ljava/lang/String;Ljava/lang/Object;)Ljava/lang/Object; should produce as expected" time="0.001">
                                                 
                                               </testcase><testcase classname="org.argus.amandroid.summary.model.IntentSuTest" name="getExtras:()Landroid/os/Bundle; should produce as expected" time="0.0">
                                                 
                                               </testcase><testcase classname="org.argus.amandroid.summary.model.IntentSuTest" name="getFlags:()I should produce as expected" time="0.001">
                                                 
                                               </testcase><testcase classname="org.argus.amandroid.summary.model.IntentSuTest" name="getFloatArrayExtra:(Ljava/lang/String;)[F should produce as expected" time="0.001">
                                                 
                                               </testcase><testcase classname="org.argus.amandroid.summary.model.IntentSuTest" name="getFloatExtra:(Ljava/lang/String;F)F should produce as expected" time="0.0">
                                                 
                                               </testcase><testcase classname="org.argus.amandroid.summary.model.IntentSuTest" name="getIBinderExtra:(Ljava/lang/String;)Landroid/os/IBinder; should produce as expected" time="0.001">
                                                 
                                               </testcase><testcase classname="org.argus.amandroid.summary.model.IntentSuTest" name="getIntArrayExtra:(Ljava/lang/String;)[I should produce as expected" time="0.001">
                                                 
                                               </testcase><testcase classname="org.argus.amandroid.summary.model.IntentSuTest" name="getIntExtra:(Ljava/lang/String;I)I should produce as expected" time="0.0">
                                                 
                                               </testcase><testcase classname="org.argus.amandroid.summary.model.IntentSuTest" name="getIntegerArrayListExtra:(Ljava/lang/String;)Ljava/util/ArrayList; should produce as expected" time="0.0">
                                                 
                                               </testcase><testcase classname="org.argus.amandroid.summary.model.IntentSuTest" name="getIntent:(Ljava/lang/String;)Landroid/content/Intent; should produce as expected" time="0.001">
                                                 
                                               </testcase><testcase classname="org.argus.amandroid.summary.model.IntentSuTest" name="getIntentOld:(Ljava/lang/String;)Landroid/content/Intent; should produce as expected" time="0.001">
                                                 
                                               </testcase><testcase classname="org.argus.amandroid.summary.model.IntentSuTest" name="getLongArrayExtra:(Ljava/lang/String;)[J should produce as expected" time="0.001">
                                                 
                                               </testcase><testcase classname="org.argus.amandroid.summary.model.IntentSuTest" name="getLongExtra:(Ljava/lang/String;J)J should produce as expected" time="0.0">
                                                 
                                               </testcase><testcase classname="org.argus.amandroid.summary.model.IntentSuTest" name="getPackage:()Ljava/lang/String; should produce as expected" time="0.0">
                                                 
                                               </testcase><testcase classname="org.argus.amandroid.summary.model.IntentSuTest" name="getParcelableArrayExtra:(Ljava/lang/String;)[Landroid/os/Parcelable; should produce as expected" time="0.001">
                                                 
                                               </testcase><testcase classname="org.argus.amandroid.summary.model.IntentSuTest" name="getParcelableArrayListExtra:(Ljava/lang/String;)Ljava/util/ArrayList; should produce as expected" time="0.001">
                                                 
                                               </testcase><testcase classname="org.argus.amandroid.summary.model.IntentSuTest" name="getParcelableExtra:(Ljava/lang/String;)Landroid/os/Parcelable; should produce as expected" time="0.001">
                                                 
                                               </testcase><testcase classname="org.argus.amandroid.summary.model.IntentSuTest" name="getSerializableExtra:(Ljava/lang/String;)Ljava/io/Serializable; should produce as expected" time="0.001">
                                                 
                                               </testcase><testcase classname="org.argus.amandroid.summary.model.IntentSuTest" name="getShortArrayExtra:(Ljava/lang/String;)[S should produce as expected" time="0.001">
                                                 
                                               </testcase><testcase classname="org.argus.amandroid.summary.model.IntentSuTest" name="getShortExtra:(Ljava/lang/String;S)S should produce as expected" time="0.0">
                                                 
                                               </testcase><testcase classname="org.argus.amandroid.summary.model.IntentSuTest" name="getSourceBounds:()Landroid/graphics/Rect; should produce as expected" time="0.001">
                                                 
                                               </testcase><testcase classname="org.argus.amandroid.summary.model.IntentSuTest" name="getStringArrayExtra:(Ljava/lang/String;)[Ljava/lang/String; should produce as expected" time="0.0">
                                                 
                                               </testcase><testcase classname="org.argus.amandroid.summary.model.IntentSuTest" name="getStringArrayListExtra:(Ljava/lang/String;)Ljava/util/ArrayList; should produce as expected" time="0.0">
                                                 
                                               </testcase><testcase classname="org.argus.amandroid.summary.model.IntentSuTest" name="getStringExtra:(Ljava/lang/String;)Ljava/lang/String; should produce as expected" time="0.0">
                                                 
                                               </testcase><testcase classname="org.argus.amandroid.summary.model.IntentSuTest" name="getType:()Ljava/lang/String; should produce as expected" time="0.001">
                                                 
                                               </testcase><testcase classname="org.argus.amandroid.summary.model.IntentSuTest" name="hasCategory:(Ljava/lang/String;)Z should produce as expected" time="0.0">
                                                 
                                               </testcase><testcase classname="org.argus.amandroid.summary.model.IntentSuTest" name="hasExtra:(Ljava/lang/String;)Z should produce as expected" time="0.0">
                                                 
                                               </testcase><testcase classname="org.argus.amandroid.summary.model.IntentSuTest" name="hasFileDescriptors:()Z should produce as expected" time="0.0">
                                                 
                                               </testcase><testcase classname="org.argus.amandroid.summary.model.IntentSuTest" name="isExcludingStopped:()Z should produce as expected" time="0.001">
                                                 
                                               </testcase><testcase classname="org.argus.amandroid.summary.model.IntentSuTest" name="makeMainActivity:(Landroid/content/ComponentName;)Landroid/content/Intent; should produce as expected" time="0.001">
                                                 
                                               </testcase><testcase classname="org.argus.amandroid.summary.model.IntentSuTest" name="makeMainSelectorActivity:(Ljava/lang/String;Ljava/lang/String;)Landroid/content/Intent; should produce as expected" time="0.0">
                                                 
                                               </testcase><testcase classname="org.argus.amandroid.summary.model.IntentSuTest" name="makeRestartActivityTask:(Landroid/content/ComponentName;)Landroid/content/Intent; should produce as expected" time="0.0">
                                                 
                                               </testcase><testcase classname="org.argus.amandroid.summary.model.IntentSuTest" name="migrateExtraStreamToClipData:()Z should produce as expected" time="0.0">
                                                 
                                               </testcase><testcase classname="org.argus.amandroid.summary.model.IntentSuTest" name="normalizeMimeType:(Ljava/lang/String;)Ljava/lang/String; should produce as expected" time="0.0">
                                                 
                                               </testcase><testcase classname="org.argus.amandroid.summary.model.IntentSuTest" name="parseIntent:(Landroid/content/res/Resources;Lorg/xmlpull/v1/XmlPullParser;Landroid/util/AttributeSet;)Landroid/content/Intent; should produce as expected" time="0.002">
                                                 
                                               </testcase><testcase classname="org.argus.amandroid.summary.model.IntentSuTest" name="parseUri:(Ljava/lang/String;I)Landroid/content/Intent; should produce as expected" time="0.001">
                                                 
                                               </testcase><testcase classname="org.argus.amandroid.summary.model.IntentSuTest" name="putCharSequenceArrayListExtra:(Ljava/lang/String;Ljava/util/ArrayList;)Landroid/content/Intent; should produce as expected" time="0.0">
                                                 
                                               </testcase><testcase classname="org.argus.amandroid.summary.model.IntentSuTest" name="putExtra:(Ljava/lang/String;B)Landroid/content/Intent; should produce as expected" time="0.001">
                                                 
                                               </testcase><testcase classname="org.argus.amandroid.summary.model.IntentSuTest" name="putExtra:(Ljava/lang/String;C)Landroid/content/Intent; should produce as expected" time="0.001">
                                                 
                                               </testcase><testcase classname="org.argus.amandroid.summary.model.IntentSuTest" name="putExtra:(Ljava/lang/String;D)Landroid/content/Intent; should produce as expected" time="0.001">
                                                 
                                               </testcase><testcase classname="org.argus.amandroid.summary.model.IntentSuTest" name="putExtra:(Ljava/lang/String;F)Landroid/content/Intent; should produce as expected" time="0.001">
                                                 
                                               </testcase><testcase classname="org.argus.amandroid.summary.model.IntentSuTest" name="putExtra:(Ljava/lang/String;I)Landroid/content/Intent; should produce as expected" time="0.0">
                                                 
                                               </testcase><testcase classname="org.argus.amandroid.summary.model.IntentSuTest" name="putExtra:(Ljava/lang/String;J)Landroid/content/Intent; should produce as expected" time="0.0">
                                                 
                                               </testcase><testcase classname="org.argus.amandroid.summary.model.IntentSuTest" name="putExtra:(Ljava/lang/String;Landroid/os/Bundle;)Landroid/content/Intent; should produce as expected" time="0.001">
                                                 
                                               </testcase><testcase classname="org.argus.amandroid.summary.model.IntentSuTest" name="putExtra:(Ljava/lang/String;Landroid/os/IBinder;)Landroid/content/Intent; should produce as expected" time="0.0">
                                                 
                                               </testcase><testcase classname="org.argus.amandroid.summary.model.IntentSuTest" name="putExtra:(Ljava/lang/String;Landroid/os/Parcelable;)Landroid/content/Intent; should produce as expected" time="0.0">
                                                 
                                               </testcase><testcase classname="org.argus.amandroid.summary.model.IntentSuTest" name="putExtra:(Ljava/lang/String;Ljava/io/Serializable;)Landroid/content/Intent; should produce as expected" time="0.0">
                                                 
                                               </testcase><testcase classname="org.argus.amandroid.summary.model.IntentSuTest" name="putExtra:(Ljava/lang/String;Ljava/lang/CharSequence;)Landroid/content/Intent; should produce as expected" time="0.001">
                                                 
                                               </testcase><testcase classname="org.argus.amandroid.summary.model.IntentSuTest" name="putExtra:(Ljava/lang/String;Ljava/lang/String;)Landroid/content/Intent; should produce as expected" time="0.001">
                                                 
                                               </testcase><testcase classname="org.argus.amandroid.summary.model.IntentSuTest" name="putExtra:(Ljava/lang/String;S)Landroid/content/Intent; should produce as expected" time="0.0">
                                                 
                                               </testcase><testcase classname="org.argus.amandroid.summary.model.IntentSuTest" name="putExtra:(Ljava/lang/String;Z)Landroid/content/Intent; should produce as expected" time="0.0">
                                                 
                                               </testcase><testcase classname="org.argus.amandroid.summary.model.IntentSuTest" name="putExtra:(Ljava/lang/String;[B)Landroid/content/Intent; should produce as expected" time="0.0">
                                                 
                                               </testcase><testcase classname="org.argus.amandroid.summary.model.IntentSuTest" name="putExtra:(Ljava/lang/String;[C)Landroid/content/Intent; should produce as expected" time="0.001">
                                                 
                                               </testcase><testcase classname="org.argus.amandroid.summary.model.IntentSuTest" name="putExtra:(Ljava/lang/String;[D)Landroid/content/Intent; should produce as expected" time="0.001">
                                                 
                                               </testcase><testcase classname="org.argus.amandroid.summary.model.IntentSuTest" name="putExtra:(Ljava/lang/String;[F)Landroid/content/Intent; should produce as expected" time="0.001">
                                                 
                                               </testcase><testcase classname="org.argus.amandroid.summary.model.IntentSuTest" name="putExtra:(Ljava/lang/String;[I)Landroid/content/Intent; should produce as expected" time="0.001">
                                                 
                                               </testcase><testcase classname="org.argus.amandroid.summary.model.IntentSuTest" name="putExtra:(Ljava/lang/String;[J)Landroid/content/Intent; should produce as expected" time="0.001">
                                                 
                                               </testcase><testcase classname="org.argus.amandroid.summary.model.IntentSuTest" name="putExtra:(Ljava/lang/String;[Landroid/os/Parcelable;)Landroid/content/Intent; should produce as expected" time="0.001">
                                                 
                                               </testcase><testcase classname="org.argus.amandroid.summary.model.IntentSuTest" name="putExtra:(Ljava/lang/String;[Ljava/lang/CharSequence;)Landroid/content/Intent; should produce as expected" time="0.0">
                                                 
                                               </testcase><testcase classname="org.argus.amandroid.summary.model.IntentSuTest" name="putExtra:(Ljava/lang/String;[Ljava/lang/String;)Landroid/content/Intent; should produce as expected" time="0.001">
                                                 
                                               </testcase><testcase classname="org.argus.amandroid.summary.model.IntentSuTest" name="putExtra:(Ljava/lang/String;[S)Landroid/content/Intent; should produce as expected" time="0.001">
                                                 
                                               </testcase><testcase classname="org.argus.amandroid.summary.model.IntentSuTest" name="putExtra:(Ljava/lang/String;[Z)Landroid/content/Intent; should produce as expected" time="0.002">
                                                 
                                               </testcase><testcase classname="org.argus.amandroid.summary.model.IntentSuTest" name="putExtras:(Landroid/content/Intent;)Landroid/content/Intent; should produce as expected" time="0.001">
                                                 
                                               </testcase><testcase classname="org.argus.amandroid.summary.model.IntentSuTest" name="putExtras:(Landroid/os/Bundle;)Landroid/content/Intent; should produce as expected" time="0.001">
                                                 
                                               </testcase><testcase classname="org.argus.amandroid.summary.model.IntentSuTest" name="putIntegerArrayListExtra:(Ljava/lang/String;Ljava/util/ArrayList;)Landroid/content/Intent; should produce as expected" time="0.001">
                                                 
                                               </testcase><testcase classname="org.argus.amandroid.summary.model.IntentSuTest" name="putParcelableArrayListExtra:(Ljava/lang/String;Ljava/util/ArrayList;)Landroid/content/Intent; should produce as expected" time="0.001">
                                                 
                                               </testcase><testcase classname="org.argus.amandroid.summary.model.IntentSuTest" name="putStringArrayListExtra:(Ljava/lang/String;Ljava/util/ArrayList;)Landroid/content/Intent; should produce as expected" time="0.0">
                                                 
                                               </testcase><testcase classname="org.argus.amandroid.summary.model.IntentSuTest" name="readFromParcel:(Landroid/os/Parcel;)V should produce as expected" time="0.001">
                                                 
                                               </testcase><testcase classname="org.argus.amandroid.summary.model.IntentSuTest" name="removeCategory:(Ljava/lang/String;)V should produce as expected" time="0.0">
                                                 
                                               </testcase><testcase classname="org.argus.amandroid.summary.model.IntentSuTest" name="removeExtra:(Ljava/lang/String;)V should produce as expected" time="0.0">
                                                 
                                               </testcase><testcase classname="org.argus.amandroid.summary.model.IntentSuTest" name="replaceExtras:(Landroid/content/Intent;)Landroid/content/Intent; should produce as expected" time="0.0">
                                                 
                                               </testcase><testcase classname="org.argus.amandroid.summary.model.IntentSuTest" name="replaceExtras:(Landroid/os/Bundle;)Landroid/content/Intent; should produce as expected" time="0.0">
                                                 
                                               </testcase><testcase classname="org.argus.amandroid.summary.model.IntentSuTest" name="resolveActivity:(Landroid/content/pm/PackageManager;)Landroid/content/ComponentName; should produce as expected" time="0.0">
                                                 
                                               </testcase><testcase classname="org.argus.amandroid.summary.model.IntentSuTest" name="resolveActivityInfo:(Landroid/content/pm/PackageManager;I)Landroid/content/pm/ActivityInfo; should produce as expected" time="0.001">
                                                 
                                               </testcase><testcase classname="org.argus.amandroid.summary.model.IntentSuTest" name="resolveType:(Landroid/content/ContentResolver;)Ljava/lang/String; should produce as expected" time="0.0">
                                                 
                                               </testcase><testcase classname="org.argus.amandroid.summary.model.IntentSuTest" name="resolveType:(Landroid/content/Context;)Ljava/lang/String; should produce as expected" time="0.001">
                                                 
                                               </testcase><testcase classname="org.argus.amandroid.summary.model.IntentSuTest" name="resolveTypeIfNeeded:(Landroid/content/ContentResolver;)Ljava/lang/String; should produce as expected" time="0.0">
                                                 
                                               </testcase><testcase classname="org.argus.amandroid.summary.model.IntentSuTest" name="setAction:(Ljava/lang/String;)Landroid/content/Intent; should produce as expected" time="0.001">
                                                 
                                               </testcase><testcase classname="org.argus.amandroid.summary.model.IntentSuTest" name="setAllowFds:(Z)V should produce as expected" time="0.0">
                                                 
                                               </testcase><testcase classname="org.argus.amandroid.summary.model.IntentSuTest" name="setClass:(Landroid/content/Context;Ljava/lang/Class;)Landroid/content/Intent; should produce as expected" time="0.001">
                                                 
                                               </testcase><testcase classname="org.argus.amandroid.summary.model.IntentSuTest" name="setClassName:(Landroid/content/Context;Ljava/lang/String;)Landroid/content/Intent; should produce as expected" time="0.001">
                                                 
                                               </testcase><testcase classname="org.argus.amandroid.summary.model.IntentSuTest" name="setClassName:(Ljava/lang/String;Ljava/lang/String;)Landroid/content/Intent; should produce as expected" time="0.0">
                                                 
                                               </testcase><testcase classname="org.argus.amandroid.summary.model.IntentSuTest" name="setClipData:(Landroid/content/ClipData;)V should produce as expected" time="0.0">
                                                 
                                               </testcase><testcase classname="org.argus.amandroid.summary.model.IntentSuTest" name="setComponent:(Landroid/content/ComponentName;)Landroid/content/Intent; should produce as expected" time="0.001">
                                                 
                                               </testcase><testcase classname="org.argus.amandroid.summary.model.IntentSuTest" name="setData:(Landroid/net/Uri;)Landroid/content/Intent; should produce as expected" time="0.001">
                                                 
                                               </testcase><testcase classname="org.argus.amandroid.summary.model.IntentSuTest" name="setDataAndNormalize:(Landroid/net/Uri;)Landroid/content/Intent; should produce as expected" time="0.0">
                                                 
                                               </testcase><testcase classname="org.argus.amandroid.summary.model.IntentSuTest" name="setDataAndType:(Landroid/net/Uri;Ljava/lang/String;)Landroid/content/Intent; should produce as expected" time="0.0">
                                                 
                                               </testcase><testcase classname="org.argus.amandroid.summary.model.IntentSuTest" name="setDataAndTypeAndNormalize:(Landroid/net/Uri;Ljava/lang/String;)Landroid/content/Intent; should produce as expected" time="0.0">
                                                 
                                               </testcase><testcase classname="org.argus.amandroid.summary.model.IntentSuTest" name="setExtrasClassLoader:(Ljava/lang/ClassLoader;)V should produce as expected" time="0.0">
                                                 
                                               </testcase><testcase classname="org.argus.amandroid.summary.model.IntentSuTest" name="setFlags:(I)Landroid/content/Intent; should produce as expected" time="0.0">
                                                 
                                               </testcase><testcase classname="org.argus.amandroid.summary.model.IntentSuTest" name="setPackage:(Ljava/lang/String;)Landroid/content/Intent; should produce as expected" time="0.0">
                                                 
                                               </testcase><testcase classname="org.argus.amandroid.summary.model.IntentSuTest" name="setSelector:(Landroid/content/Intent;)V should produce as expected" time="0.0">
                                                 
                                               </testcase><testcase classname="org.argus.amandroid.summary.model.IntentSuTest" name="setSourceBounds:(Landroid/graphics/Rect;)V should produce as expected" time="0.0">
                                                 
                                               </testcase><testcase classname="org.argus.amandroid.summary.model.IntentSuTest" name="setType:(Ljava/lang/String;)Landroid/content/Intent; should produce as expected" time="0.001">
                                                 
                                               </testcase><testcase classname="org.argus.amandroid.summary.model.IntentSuTest" name="setTypeAndNormalize:(Ljava/lang/String;)Landroid/content/Intent; should produce as expected" time="0.003">
                                                 
                                               </testcase><testcase classname="org.argus.amandroid.summary.model.IntentSuTest" name="toInsecureString:()Ljava/lang/String; should produce as expected" time="0.0">
                                                 
                                               </testcase><testcase classname="org.argus.amandroid.summary.model.IntentSuTest" name="toInsecureStringWithClip:()Ljava/lang/String; should produce as expected" time="0.0">
                                                 
                                               </testcase><testcase classname="org.argus.amandroid.summary.model.IntentSuTest" name="toShortString:(Ljava/lang/StringBuilder;ZZZZ)V should produce as expected" time="0.0">
                                                 
                                               </testcase><testcase classname="org.argus.amandroid.summary.model.IntentSuTest" name="toShortString:(ZZZZ)Ljava/lang/String; should produce as expected" time="0.0">
                                                 
                                               </testcase><testcase classname="org.argus.amandroid.summary.model.IntentSuTest" name="toString:()Ljava/lang/String; should produce as expected" time="0.001">
                                                 
                                               </testcase><testcase classname="org.argus.amandroid.summary.model.IntentSuTest" name="toURI:()Ljava/lang/String; should produce as expected" time="0.001">
                                                 
                                               </testcase><testcase classname="org.argus.amandroid.summary.model.IntentSuTest" name="toUri:(I)Ljava/lang/String; should produce as expected" time="0.0">
                                                 
                                               </testcase><testcase classname="org.argus.amandroid.summary.model.IntentSuTest" name="writeToParcel:(Landroid/os/Parcel;I)V should produce as expected" time="0.0">
                                                 
                                               </testcase>
                     <system-out><![CDATA[]]></system-out>
                     <system-err><![CDATA[]]></system-err>
                   </testsuite>