<?xml version='1.0' encoding='UTF-8'?>
<testsuite hostname="DESKTOP-ML9U0NH" name="org.argus.amandroid.core.dedex.LocalTypeResolverTest" tests="74" errors="0" failures="0" skipped="0" time="1761.283">
                     <properties>
[...]
</properties>
                     <testcase classname="org.argus.amandroid.core.dedex.LocalTypeResolverTest" name="Resolve local type should get same result on ArrayAccess1" time="1.398">
                                                 
                                               </testcase><testcase classname="org.argus.amandroid.core.dedex.LocalTypeResolverTest" name="Resolve local type should get same result on ArrayAccess2" time="0.054">
                                                 
                                               </testcase><testcase classname="org.argus.amandroid.core.dedex.LocalTypeResolverTest" name="Resolve local type should get same result on ArrayAccess3" time="0.05">
                                                 
                                               </testcase><testcase classname="org.argus.amandroid.core.dedex.LocalTypeResolverTest" name="Resolve local type should get same result on ArrayCopy" time="0.04">
                                                 
                                               </testcase><testcase classname="org.argus.amandroid.core.dedex.LocalTypeResolverTest" name="Resolve local type should get same result on ArrayFill1" time="0.074">
                                                 
                                               </testcase><testcase classname="org.argus.amandroid.core.dedex.LocalTypeResolverTest" name="Resolve local type should get same result on ArrayFill2" time="0.037">
                                                 
                                               </testcase><testcase classname="org.argus.amandroid.core.dedex.LocalTypeResolverTest" name="Resolve local type should get same result on ArrayLength1" time="0.017">
                                                 
                                               </testcase><testcase classname="org.argus.amandroid.core.dedex.LocalTypeResolverTest" name="Resolve local type should get same result on Cmp1" time="0.021">
                                                 
                                               </testcase><testcase classname="org.argus.amandroid.core.dedex.LocalTypeResolverTest" name="Resolve local type should get same result on Cmp2" time="0.027">
                                                 
                                               </testcase><testcase classname="org.argus.amandroid.core.dedex.LocalTypeResolverTest" name="Resolve local type should get same result on ConstClass1" time="0.023">
                                                 
                                               </testcase><testcase classname="org.argus.amandroid.core.dedex.LocalTypeResolverTest" name="Resolve local type should get same result on ConstClass2" time="0.013">
                                                 
                                               </testcase><testcase classname="org.argus.amandroid.core.dedex.LocalTypeResolverTest" name="Resolve local type should get same result on DoubleLong1" time="0.045">
                                                 
                                               </testcase><testcase classname="org.argus.amandroid.core.dedex.LocalTypeResolverTest" name="Resolve local type should get same result on Exceptions1" time="0.064">
                                                 
                                               </testcase><testcase classname="org.argus.amandroid.core.dedex.LocalTypeResolverTest" name="Resolve local type should get same result on Exceptions2" time="0.135">
                                                 
                                               </testcase><testcase classname="org.argus.amandroid.core.dedex.LocalTypeResolverTest" name="Resolve local type should get same result on Exceptions3" time="0.05">
                                                 
                                               </testcase><testcase classname="org.argus.amandroid.core.dedex.LocalTypeResolverTest" name="Resolve local type should throw an exception on Exceptions4" time="0.035">
                                                 
                                               </testcase><testcase classname="org.argus.amandroid.core.dedex.LocalTypeResolverTest" name="Resolve local type should get same result on FieldAccess1" time="0.065">
                                                 
                                               </testcase><testcase classname="org.argus.amandroid.core.dedex.LocalTypeResolverTest" name="Resolve local type should get same result on FieldAccess2" time="0.065">
                                                 
                                               </testcase><testcase classname="org.argus.amandroid.core.dedex.LocalTypeResolverTest" name="Resolve local type should get same result on InstanceOf1" time="0.023">
                                                 
                                               </testcase><testcase classname="org.argus.amandroid.core.dedex.LocalTypeResolverTest" name="Resolve local type should get same result on InstanceOf2" time="0.053">
                                                 
                                               </testcase><testcase classname="org.argus.amandroid.core.dedex.LocalTypeResolverTest" name="Resolve local type should get same result on IfJump1" time="0.031">
                                                 
                                               </testcase><testcase classname="org.argus.amandroid.core.dedex.LocalTypeResolverTest" name="Resolve local type should get same result on IfJump2" time="0.056">
                                                 
                                               </testcase><testcase classname="org.argus.amandroid.core.dedex.LocalTypeResolverTest" name="Resolve local type should get same result on SwitchJump1" time="0.058">
                                                 
                                               </testcase><testcase classname="org.argus.amandroid.core.dedex.LocalTypeResolverTest" name="Resolve local type should get same result on SwitchJump2" time="0.019">
                                                 
                                               </testcase><testcase classname="org.argus.amandroid.core.dedex.LocalTypeResolverTest" name="dex should produce expected code" time="0.864">
                                                 
                                               </testcase><testcase classname="org.argus.amandroid.core.dedex.LocalTypeResolverTest" name="dex should produce expected code" time="0.993">
                                                 
                                               </testcase><testcase classname="org.argus.amandroid.core.dedex.LocalTypeResolverTest" name="odex should produce expected code" time="0.809">
                                                 
                                               </testcase><testcase classname="org.argus.amandroid.core.dedex.LocalTypeResolverTest" name="ICC_Explicit_NoSrc_NoSink should successfully resolved" time="113.532">
                                                 
                                               </testcase><testcase classname="org.argus.amandroid.core.dedex.LocalTypeResolverTest" name="ICC_Explicit_NoSrc_Sink should successfully resolved" time="36.103">
                                                 
                                               </testcase><testcase classname="org.argus.amandroid.core.dedex.LocalTypeResolverTest" name="ICC_Explicit_Src_NoSink should successfully resolved" time="38.301">
                                                 
                                               </testcase><testcase classname="org.argus.amandroid.core.dedex.LocalTypeResolverTest" name="ICC_Explicit_Src_Sink should successfully resolved" time="37.055">
                                                 
                                               </testcase><testcase classname="org.argus.amandroid.core.dedex.LocalTypeResolverTest" name="ICC_Implicit_NoSrc_NoSink should successfully resolved" time="36.403">
                                                 
                                               </testcase><testcase classname="org.argus.amandroid.core.dedex.LocalTypeResolverTest" name="ICC_Implicit_NoSrc_Sink should successfully resolved" time="35.56">
                                                 
                                               </testcase><testcase classname="org.argus.amandroid.core.dedex.LocalTypeResolverTest" name="ICC_Implicit_Src_NoSink should successfully resolved" time="35.98">
                                                 
                                               </testcase><testcase classname="org.argus.amandroid.core.dedex.LocalTypeResolverTest" name="ICC_Implicit_Src_Sink should successfully resolved" time="36.66">
                                                 
                                               </testcase><testcase classname="org.argus.amandroid.core.dedex.LocalTypeResolverTest" name="ICC_IntentService should successfully resolved" time="35.192">
                                                 
                                               </testcase><testcase classname="org.argus.amandroid.core.dedex.LocalTypeResolverTest" name="ICC_Stateful should successfully resolved" time="35.203">
                                                 
                                               </testcase><testcase classname="org.argus.amandroid.core.dedex.LocalTypeResolverTest" name="ICC_DynRegister1 should successfully resolved" time="36.368">
                                                 
                                               </testcase><testcase classname="org.argus.amandroid.core.dedex.LocalTypeResolverTest" name="ICC_DynRegister2 should successfully resolved" time="36.744">
                                                 
                                               </testcase><testcase classname="org.argus.amandroid.core.dedex.LocalTypeResolverTest" name="ICC_Explicit1 should successfully resolved" time="36.656">
                                                 
                                               </testcase><testcase classname="org.argus.amandroid.core.dedex.LocalTypeResolverTest" name="ICC_Implicit1 should successfully resolved" time="36.446">
                                                 
                                               </testcase><testcase classname="org.argus.amandroid.core.dedex.LocalTypeResolverTest" name="ICC_Implicit2 should successfully resolved" time="37.082">
                                                 
                                               </testcase><testcase classname="org.argus.amandroid.core.dedex.LocalTypeResolverTest" name="ICC_Implicit3 should successfully resolved" time="36.709">
                                                 
                                               </testcase><testcase classname="org.argus.amandroid.core.dedex.LocalTypeResolverTest" name="ICC_Implicit4 should successfully resolved" time="32.512">
                                                 
                                               </testcase><testcase classname="org.argus.amandroid.core.dedex.LocalTypeResolverTest" name="ICC_Implicit5 should successfully resolved" time="27.494">
                                                 
                                               </testcase><testcase classname="org.argus.amandroid.core.dedex.LocalTypeResolverTest" name="ICC_Implicit6 should successfully resolved" time="36.552">
                                                 
                                               </testcase><testcase classname="org.argus.amandroid.core.dedex.LocalTypeResolverTest" name="ICC_RPC_Comprehensive should successfully resolved" time="35.473">
                                                 
                                               </testcase><testcase classname="org.argus.amandroid.core.dedex.LocalTypeResolverTest" name="RPC_LocalService should successfully resolved" time="26.621">
                                                 
                                               </testcase><testcase classname="org.argus.amandroid.core.dedex.LocalTypeResolverTest" name="RPC_MessengerService should successfully resolved" time="36.633">
                                                 
                                               </testcase><testcase classname="org.argus.amandroid.core.dedex.LocalTypeResolverTest" name="RPC_RemoteService should successfully resolved" time="37.235">
                                                 
                                               </testcase><testcase classname="org.argus.amandroid.core.dedex.LocalTypeResolverTest" name="RPC_ReturnSensitive should successfully resolved" time="36.205">
                                                 
                                               </testcase><testcase classname="org.argus.amandroid.core.dedex.LocalTypeResolverTest" name="ActivityCommunication1 should successfully resolved" time="35.55">
                                                 
                                               </testcase><testcase classname="org.argus.amandroid.core.dedex.LocalTypeResolverTest" name="ActivityCommunication2 should successfully resolved" time="36.22">
                                                 
                                               </testcase><testcase classname="org.argus.amandroid.core.dedex.LocalTypeResolverTest" name="ActivityCommunication3 should successfully resolved" time="36.641">
                                                 
                                               </testcase><testcase classname="org.argus.amandroid.core.dedex.LocalTypeResolverTest" name="ActivityCommunication4 should successfully resolved" time="35.914">
                                                 
                                               </testcase><testcase classname="org.argus.amandroid.core.dedex.LocalTypeResolverTest" name="ActivityCommunication5 should successfully resolved" time="36.77">
                                                 
                                               </testcase><testcase classname="org.argus.amandroid.core.dedex.LocalTypeResolverTest" name="ActivityCommunication6 should successfully resolved" time="36.488">
                                                 
                                               </testcase><testcase classname="org.argus.amandroid.core.dedex.LocalTypeResolverTest" name="ActivityCommunication7 should successfully resolved" time="37.318">
                                                 
                                               </testcase><testcase classname="org.argus.amandroid.core.dedex.LocalTypeResolverTest" name="ActivityCommunication8 should successfully resolved" time="36.057">
                                                 
                                               </testcase><testcase classname="org.argus.amandroid.core.dedex.LocalTypeResolverTest" name="BroadcastTaintAndLeak1 should successfully resolved" time="35.569">
                                                 
                                               </testcase><testcase classname="org.argus.amandroid.core.dedex.LocalTypeResolverTest" name="ComponentNotInManifest1 should successfully resolved" time="36.919">
                                                 
                                               </testcase><testcase classname="org.argus.amandroid.core.dedex.LocalTypeResolverTest" name="EventOrdering1 should successfully resolved" time="31.631">
                                                 
                                               </testcase><testcase classname="org.argus.amandroid.core.dedex.LocalTypeResolverTest" name="IntentSink1 should successfully resolved" time="33.164">
                                                 
                                               </testcase><testcase classname="org.argus.amandroid.core.dedex.LocalTypeResolverTest" name="IntentSink2 should successfully resolved" time="36.759">
                                                 
                                               </testcase><testcase classname="org.argus.amandroid.core.dedex.LocalTypeResolverTest" name="IntentSource1 should successfully resolved" time="36.7">
                                                 
                                               </testcase><testcase classname="org.argus.amandroid.core.dedex.LocalTypeResolverTest" name="ServiceCommunication1 should successfully resolved" time="36.38">
                                                 
                                               </testcase><testcase classname="org.argus.amandroid.core.dedex.LocalTypeResolverTest" name="SharedPreferences1 should successfully resolved" time="37.242">
                                                 
                                               </testcase><testcase classname="org.argus.amandroid.core.dedex.LocalTypeResolverTest" name="Singletons1 should successfully resolved" time="35.803">
                                                 
                                               </testcase><testcase classname="org.argus.amandroid.core.dedex.LocalTypeResolverTest" name="UnresolvableIntent1 should successfully resolved" time="35.085">
                                                 
                                               </testcase><testcase classname="org.argus.amandroid.core.dedex.LocalTypeResolverTest" name="AsyncTask1 should successfully resolved" time="35.892">
                                                 
                                               </testcase><testcase classname="org.argus.amandroid.core.dedex.LocalTypeResolverTest" name="Executor1 should successfully resolved" time="35.865">
                                                 
                                               </testcase><testcase classname="org.argus.amandroid.core.dedex.LocalTypeResolverTest" name="JavaThread1 should successfully resolved" time="36.746">
                                                 
                                               </testcase><testcase classname="org.argus.amandroid.core.dedex.LocalTypeResolverTest" name="JavaThread2 should successfully resolved" time="36.389">
                                                 
                                               </testcase><testcase classname="org.argus.amandroid.core.dedex.LocalTypeResolverTest" name="Looper1 should successfully resolved" time="36.343">
                                                 
                                               </testcase>
                     <system-out><![CDATA[]]></system-out>
                     <system-err><![CDATA[]]></system-err>
                   </testsuite>