<?xml version='1.0' encoding='UTF-8'?>
<testsuite hostname="DESKTOP-ML9U0NH" name="org.argus.amandroid.summary.model.UriSuTest" tests="44" errors="0" failures="0" skipped="0" time="0.009">
                     <properties>
[...]
</properties>
                     <testcase classname="org.argus.amandroid.summary.model.UriSuTest" name="&lt;clinit&gt;:()V should produce as expected" time="0.0">
                                                 
                                               </testcase><testcase classname="org.argus.amandroid.summary.model.UriSuTest" name="buildUpon:()Landroid/net/Uri$Builder; should produce as expected" time="0.0">
                                                 
                                               </testcase><testcase classname="org.argus.amandroid.summary.model.UriSuTest" name="compareTo:(Landroid/net/Uri;)I should produce as expected" time="0.0">
                                                 
                                               </testcase><testcase classname="org.argus.amandroid.summary.model.UriSuTest" name="compareTo:(Ljava/lang/Object;)I should produce as expected" time="0.0">
                                                 
                                               </testcase><testcase classname="org.argus.amandroid.summary.model.UriSuTest" name="decode:(Ljava/lang/String;)Ljava/lang/String; should produce as expected" time="0.0">
                                                 
                                               </testcase><testcase classname="org.argus.amandroid.summary.model.UriSuTest" name="encode:(Ljava/lang/String;)Ljava/lang/String; should produce as expected" time="0.0">
                                                 
                                               </testcase><testcase classname="org.argus.amandroid.summary.model.UriSuTest" name="encode:(Ljava/lang/String;Ljava/lang/String;)Ljava/lang/String; should produce as expected" time="0.001">
                                                 
                                               </testcase><testcase classname="org.argus.amandroid.summary.model.UriSuTest" name="equals:(Ljava/lang/Object;)Z should produce as expected" time="0.0">
                                                 
                                               </testcase><testcase classname="org.argus.amandroid.summary.model.UriSuTest" name="fromFile:(Ljava/io/File;)Landroid/net/Uri; should produce as expected" time="0.0">
                                                 
                                               </testcase><testcase classname="org.argus.amandroid.summary.model.UriSuTest" name="fromParts:(Ljava/lang/String;Ljava/lang/String;Ljava/lang/String;)Landroid/net/Uri; should produce as expected" time="0.001">
                                                 
                                               </testcase><testcase classname="org.argus.amandroid.summary.model.UriSuTest" name="getAuthority:()Ljava/lang/String; should produce as expected" time="0.0">
                                                 
                                               </testcase><testcase classname="org.argus.amandroid.summary.model.UriSuTest" name="getBooleanQueryParameter:(Ljava/lang/String;Z)Z should produce as expected" time="0.0">
                                                 
                                               </testcase><testcase classname="org.argus.amandroid.summary.model.UriSuTest" name="getCanonicalUri:()Landroid/net/Uri; should produce as expected" time="0.0">
                                                 
                                               </testcase><testcase classname="org.argus.amandroid.summary.model.UriSuTest" name="getEncodedAuthority:()Ljava/lang/String; should produce as expected" time="0.0">
                                                 
                                               </testcase><testcase classname="org.argus.amandroid.summary.model.UriSuTest" name="getEncodedFragment:()Ljava/lang/String; should produce as expected" time="0.0">
                                                 
                                               </testcase><testcase classname="org.argus.amandroid.summary.model.UriSuTest" name="getEncodedPath:()Ljava/lang/String; should produce as expected" time="0.001">
                                                 
                                               </testcase><testcase classname="org.argus.amandroid.summary.model.UriSuTest" name="getEncodedQuery:()Ljava/lang/String; should produce as expected" time="0.0">
                                                 
                                               </testcase><testcase classname="org.argus.amandroid.summary.model.UriSuTest" name="getEncodedSchemeSpecificPart:()Ljava/lang/String; should produce as expected" time="0.0">
                                                 
                                               </testcase><testcase classname="org.argus.amandroid.summary.model.UriSuTest" name="getEncodedUserInfo:()Ljava/lang/String; should produce as expected" time="0.0">
                                                 
                                               </testcase><testcase classname="org.argus.amandroid.summary.model.UriSuTest" name="getFragment:()Ljava/lang/String; should produce as expected" time="0.0">
                                                 
                                               </testcase><testcase classname="org.argus.amandroid.summary.model.UriSuTest" name="getHost:()Ljava/lang/String; should produce as expected" time="0.001">
                                                 
                                               </testcase><testcase classname="org.argus.amandroid.summary.model.UriSuTest" name="getLastPathSegment:()Ljava/lang/String; should produce as expected" time="0.0">
                                                 
                                               </testcase><testcase classname="org.argus.amandroid.summary.model.UriSuTest" name="getPath:()Ljava/lang/String; should produce as expected" time="0.0">
                                                 
                                               </testcase><testcase classname="org.argus.amandroid.summary.model.UriSuTest" name="getPathSegments:()Ljava/util/List; should produce as expected" time="0.0">
                                                 
                                               </testcase><testcase classname="org.argus.amandroid.summary.model.UriSuTest" name="getPort:()I should produce as expected" time="0.0">
                                                 
                                               </testcase><testcase classname="org.argus.amandroid.summary.model.UriSuTest" name="getQuery:()Ljava/lang/String; should produce as expected" time="0.0">
                                                 
                                               </testcase><testcase classname="org.argus.amandroid.summary.model.UriSuTest" name="getQueryParameter:(Ljava/lang/String;)Ljava/lang/String; should produce as expected" time="0.0">
                                                 
                                               </testcase><testcase classname="org.argus.amandroid.summary.model.UriSuTest" name="getQueryParameterNames:()Ljava/util/Set; should produce as expected" time="0.0">
                                                 
                                               </testcase><testcase classname="org.argus.amandroid.summary.model.UriSuTest" name="getQueryParameters:(Ljava/lang/String;)Ljava/util/List; should produce as expected" time="0.001">
                                                 
                                               </testcase><testcase classname="org.argus.amandroid.summary.model.UriSuTest" name="getScheme:()Ljava/lang/String; should produce as expected" time="0.0">
                                                 
                                               </testcase><testcase classname="org.argus.amandroid.summary.model.UriSuTest" name="getSchemeSpecificPart:()Ljava/lang/String; should produce as expected" time="0.001">
                                                 
                                               </testcase><testcase classname="org.argus.amandroid.summary.model.UriSuTest" name="getUserInfo:()Ljava/lang/String; should produce as expected" time="0.0">
                                                 
                                               </testcase><testcase classname="org.argus.amandroid.summary.model.UriSuTest" name="hashCode:()I should produce as expected" time="0.0">
                                                 
                                               </testcase><testcase classname="org.argus.amandroid.summary.model.UriSuTest" name="isAbsolute:()Z should produce as expected" time="0.001">
                                                 
                                               </testcase><testcase classname="org.argus.amandroid.summary.model.UriSuTest" name="isAllowed:(CLjava/lang/String;)Z should produce as expected" time="0.0">
                                                 
                                               </testcase><testcase classname="org.argus.amandroid.summary.model.UriSuTest" name="isHierarchical:()Z should produce as expected" time="0.0">
                                                 
                                               </testcase><testcase classname="org.argus.amandroid.summary.model.UriSuTest" name="isOpaque:()Z should produce as expected" time="0.0">
                                                 
                                               </testcase><testcase classname="org.argus.amandroid.summary.model.UriSuTest" name="isRelative:()Z should produce as expected" time="0.001">
                                                 
                                               </testcase><testcase classname="org.argus.amandroid.summary.model.UriSuTest" name="normalizeScheme:()Landroid/net/Uri; should produce as expected" time="0.0">
                                                 
                                               </testcase><testcase classname="org.argus.amandroid.summary.model.UriSuTest" name="parse:(Ljava/lang/String;)Landroid/net/Uri; should produce as expected" time="0.001">
                                                 
                                               </testcase><testcase classname="org.argus.amandroid.summary.model.UriSuTest" name="toSafeString:()Ljava/lang/String; should produce as expected" time="0.0">
                                                 
                                               </testcase><testcase classname="org.argus.amandroid.summary.model.UriSuTest" name="toString:()Ljava/lang/String; should produce as expected" time="0.0">
                                                 
                                               </testcase><testcase classname="org.argus.amandroid.summary.model.UriSuTest" name="withAppendedPath:(Landroid/net/Uri;Ljava/lang/String;)Landroid/net/Uri; should produce as expected" time="0.0">
                                                 
                                               </testcase><testcase classname="org.argus.amandroid.summary.model.UriSuTest" name="writeToParcel:(Landroid/os/Parcel;Landroid/net/Uri;)V should produce as expected" time="0.0">
                                                 
                                               </testcase>
                     <system-out><![CDATA[]]></system-out>
                     <system-err><![CDATA[]]></system-err>
                   </testsuite>